1702911254: mosquitto version 2.0.18 starting
1702911254: Config loaded from mosquitto.conf.
1702911254: Opening ipv4 listen socket on port 1883.
1702911254: mosquitto version 2.0.18 running
1702911254: New connection from 127.0.0.1:65074 on port 1883.
1702911254: New client connected from 127.0.0.1:65074 as mqtt-explorer-3067b4a5 (p2, c1, k60).
1702911254: No will message specified.
1702911254: Sending CONNACK to mqtt-explorer-3067b4a5 (0, 0)
1702911254: Received SUBSCRIBE from mqtt-explorer-3067b4a5
1702911254: 	# (QoS 0)
1702911254: mqtt-explorer-3067b4a5 0 #
1702911254: Sending SUBACK to mqtt-explorer-3067b4a5
1702911254: Received SUBSCRIBE from mqtt-explorer-3067b4a5
1702911254: 	$SYS/# (QoS 0)
1702911254: mqtt-explorer-3067b4a5 0 $SYS/#
1702911254: Sending SUBACK to mqtt-explorer-3067b4a5
1702911254: Sending PUBLISH to mqtt-explorer-3067b4a5 (d0, q0, r1, m0, '$SYS/broker/version', ... (24 bytes))
1702911254: Sending PUBLISH to mqtt-explorer-3067b4a5 (d0, q0, r1, m0, '$SYS/broker/uptime', ... (9 bytes))
1702911254: Sending PUBLISH to mqtt-explorer-3067b4a5 (d0, q0, r1, m0, '$SYS/broker/clients/total', ... (1 bytes))
1702911254: Sending PUBLISH to mqtt-explorer-3067b4a5 (d0, q0, r1, m0, '$SYS/broker/clients/inactive', ... (1 bytes))
1702911254: Sending PUBLISH to mqtt-explorer-3067b4a5 (d0, q0, r1, m0, '$SYS/broker/clients/disconnected', ... (1 bytes))
1702911254: Sending PUBLISH to mqtt-explorer-3067b4a5 (d0, q0, r1, m0, '$SYS/broker/clients/active', ... (1 bytes))
1702911254: Sending PUBLISH to mqtt-explorer-3067b4a5 (d0, q0, r1, m0, '$SYS/broker/clients/connected', ... (1 bytes))
1702911254: Sending PUBLISH to mqtt-explorer-3067b4a5 (d0, q0, r1, m0, '$SYS/broker/clients/expired', ... (1 bytes))
1702911254: Sending PUBLISH to mqtt-explorer-3067b4a5 (d0, q0, r1, m0, '$SYS/broker/load/messages/received/1min', ... (4 bytes))
1702911254: Sending PUBLISH to mqtt-explorer-3067b4a5 (d0, q0, r1, m0, '$SYS/broker/load/messages/received/5min', ... (4 bytes))
1702911254: Sending PUBLISH to mqtt-explorer-3067b4a5 (d0, q0, r1, m0, '$SYS/broker/load/messages/received/15min', ... (4 bytes))
1702911254: Sending PUBLISH to mqtt-explorer-3067b4a5 (d0, q0, r1, m0, '$SYS/broker/load/messages/sent/1min', ... (4 bytes))
1702911254: Sending PUBLISH to mqtt-explorer-3067b4a5 (d0, q0, r1, m0, '$SYS/broker/load/messages/sent/5min', ... (4 bytes))
1702911254: Sending PUBLISH to mqtt-explorer-3067b4a5 (d0, q0, r1, m0, '$SYS/broker/load/messages/sent/15min', ... (4 bytes))
1702911254: Sending PUBLISH to mqtt-explorer-3067b4a5 (d0, q0, r1, m0, '$SYS/broker/load/publish/dropped/1min', ... (4 bytes))
1702911254: Sending PUBLISH to mqtt-explorer-3067b4a5 (d0, q0, r1, m0, '$SYS/broker/load/publish/dropped/5min', ... (4 bytes))
1702911254: Sending PUBLISH to mqtt-explorer-3067b4a5 (d0, q0, r1, m0, '$SYS/broker/load/publish/dropped/15min', ... (4 bytes))
1702911254: Sending PUBLISH to mqtt-explorer-3067b4a5 (d0, q0, r1, m0, '$SYS/broker/load/publish/received/1min', ... (4 bytes))
1702911254: Sending PUBLISH to mqtt-explorer-3067b4a5 (d0, q0, r1, m0, '$SYS/broker/load/publish/received/5min', ... (4 bytes))
1702911254: Sending PUBLISH to mqtt-explorer-3067b4a5 (d0, q0, r1, m0, '$SYS/broker/load/publish/received/15min', ... (4 bytes))
1702911254: Sending PUBLISH to mqtt-explorer-3067b4a5 (d0, q0, r1, m0, '$SYS/broker/load/publish/sent/1min', ... (4 bytes))
1702911254: Sending PUBLISH to mqtt-explorer-3067b4a5 (d0, q0, r1, m0, '$SYS/broker/load/publish/sent/5min', ... (4 bytes))
1702911254: Sending PUBLISH to mqtt-explorer-3067b4a5 (d0, q0, r1, m0, '$SYS/broker/load/publish/sent/15min', ... (4 bytes))
1702911254: Sending PUBLISH to mqtt-explorer-3067b4a5 (d0, q0, r1, m0, '$SYS/broker/load/bytes/received/1min', ... (4 bytes))
1702911254: Sending PUBLISH to mqtt-explorer-3067b4a5 (d0, q0, r1, m0, '$SYS/broker/load/bytes/received/5min', ... (4 bytes))
1702911254: Sending PUBLISH to mqtt-explorer-3067b4a5 (d0, q0, r1, m0, '$SYS/broker/load/bytes/received/15min', ... (4 bytes))
1702911254: Sending PUBLISH to mqtt-explorer-3067b4a5 (d0, q0, r1, m0, '$SYS/broker/load/bytes/sent/1min', ... (4 bytes))
1702911254: Sending PUBLISH to mqtt-explorer-3067b4a5 (d0, q0, r1, m0, '$SYS/broker/load/bytes/sent/5min', ... (4 bytes))
1702911254: Sending PUBLISH to mqtt-explorer-3067b4a5 (d0, q0, r1, m0, '$SYS/broker/load/bytes/sent/15min', ... (4 bytes))
1702911254: Sending PUBLISH to mqtt-explorer-3067b4a5 (d0, q0, r1, m0, '$SYS/broker/load/sockets/1min', ... (4 bytes))
1702911254: Sending PUBLISH to mqtt-explorer-3067b4a5 (d0, q0, r1, m0, '$SYS/broker/load/sockets/5min', ... (4 bytes))
1702911254: Sending PUBLISH to mqtt-explorer-3067b4a5 (d0, q0, r1, m0, '$SYS/broker/load/sockets/15min', ... (4 bytes))
1702911254: Sending PUBLISH to mqtt-explorer-3067b4a5 (d0, q0, r1, m0, '$SYS/broker/load/connections/1min', ... (4 bytes))
1702911254: Sending PUBLISH to mqtt-explorer-3067b4a5 (d0, q0, r1, m0, '$SYS/broker/load/connections/5min', ... (4 bytes))
1702911254: Sending PUBLISH to mqtt-explorer-3067b4a5 (d0, q0, r1, m0, '$SYS/broker/load/connections/15min', ... (4 bytes))
1702911254: Sending PUBLISH to mqtt-explorer-3067b4a5 (d0, q0, r1, m0, '$SYS/broker/messages/stored', ... (2 bytes))
1702911254: Sending PUBLISH to mqtt-explorer-3067b4a5 (d0, q0, r1, m0, '$SYS/broker/messages/received', ... (1 bytes))
1702911254: Sending PUBLISH to mqtt-explorer-3067b4a5 (d0, q0, r1, m0, '$SYS/broker/messages/sent', ... (1 bytes))
1702911254: Sending PUBLISH to mqtt-explorer-3067b4a5 (d0, q0, r1, m0, '$SYS/broker/store/messages/count', ... (2 bytes))
1702911254: Sending PUBLISH to mqtt-explorer-3067b4a5 (d0, q0, r1, m0, '$SYS/broker/store/messages/bytes', ... (3 bytes))
1702911254: Sending PUBLISH to mqtt-explorer-3067b4a5 (d0, q0, r1, m0, '$SYS/broker/subscriptions/count', ... (1 bytes))
1702911254: Sending PUBLISH to mqtt-explorer-3067b4a5 (d0, q0, r1, m0, '$SYS/broker/shared_subscriptions/count', ... (1 bytes))
1702911254: Sending PUBLISH to mqtt-explorer-3067b4a5 (d0, q0, r1, m0, '$SYS/broker/retained messages/count', ... (2 bytes))
1702911254: Sending PUBLISH to mqtt-explorer-3067b4a5 (d0, q0, r1, m0, '$SYS/broker/publish/messages/dropped', ... (1 bytes))
1702911254: Sending PUBLISH to mqtt-explorer-3067b4a5 (d0, q0, r1, m0, '$SYS/broker/publish/messages/received', ... (1 bytes))
1702911254: Sending PUBLISH to mqtt-explorer-3067b4a5 (d0, q0, r1, m0, '$SYS/broker/publish/messages/sent', ... (1 bytes))
1702911254: Sending PUBLISH to mqtt-explorer-3067b4a5 (d0, q0, r1, m0, '$SYS/broker/publish/bytes/received', ... (1 bytes))
1702911254: Sending PUBLISH to mqtt-explorer-3067b4a5 (d0, q0, r1, m0, '$SYS/broker/publish/bytes/sent', ... (1 bytes))
1702911254: Sending PUBLISH to mqtt-explorer-3067b4a5 (d0, q0, r1, m0, '$SYS/broker/bytes/received', ... (1 bytes))
1702911254: Sending PUBLISH to mqtt-explorer-3067b4a5 (d0, q0, r1, m0, '$SYS/broker/bytes/sent', ... (1 bytes))
1702911265: Sending PUBLISH to mqtt-explorer-3067b4a5 (d0, q0, r0, m0, '$SYS/broker/uptime', ... (10 bytes))
1702911265: Sending PUBLISH to mqtt-explorer-3067b4a5 (d0, q0, r0, m0, '$SYS/broker/clients/total', ... (1 bytes))
1702911265: Sending PUBLISH to mqtt-explorer-3067b4a5 (d0, q0, r0, m0, '$SYS/broker/clients/maximum', ... (1 bytes))
1702911265: Sending PUBLISH to mqtt-explorer-3067b4a5 (d0, q0, r0, m0, '$SYS/broker/clients/active', ... (1 bytes))
1702911265: Sending PUBLISH to mqtt-explorer-3067b4a5 (d0, q0, r0, m0, '$SYS/broker/clients/connected', ... (1 bytes))
1702911265: Sending PUBLISH to mqtt-explorer-3067b4a5 (d0, q0, r0, m0, '$SYS/broker/load/messages/received/1min', ... (4 bytes))
1702911265: Sending PUBLISH to mqtt-explorer-3067b4a5 (d0, q0, r0, m0, '$SYS/broker/load/messages/sent/1min', ... (5 bytes))
1702911265: Sending PUBLISH to mqtt-explorer-3067b4a5 (d0, q0, r0, m0, '$SYS/broker/load/publish/sent/1min', ... (5 bytes))
1702911265: Sending PUBLISH to mqtt-explorer-3067b4a5 (d0, q0, r0, m0, '$SYS/broker/load/bytes/received/1min', ... (5 bytes))
1702911265: Sending PUBLISH to mqtt-explorer-3067b4a5 (d0, q0, r0, m0, '$SYS/broker/load/bytes/sent/1min', ... (7 bytes))
1702911265: Sending PUBLISH to mqtt-explorer-3067b4a5 (d0, q0, r0, m0, '$SYS/broker/load/sockets/1min', ... (4 bytes))
1702911265: Sending PUBLISH to mqtt-explorer-3067b4a5 (d0, q0, r0, m0, '$SYS/broker/load/connections/1min', ... (4 bytes))
1702911265: Sending PUBLISH to mqtt-explorer-3067b4a5 (d0, q0, r0, m0, '$SYS/broker/load/messages/received/5min', ... (4 bytes))
1702911265: Sending PUBLISH to mqtt-explorer-3067b4a5 (d0, q0, r0, m0, '$SYS/broker/load/messages/sent/5min', ... (5 bytes))
1702911265: Sending PUBLISH to mqtt-explorer-3067b4a5 (d0, q0, r0, m0, '$SYS/broker/load/publish/sent/5min', ... (5 bytes))
1702911265: Sending PUBLISH to mqtt-explorer-3067b4a5 (d0, q0, r0, m0, '$SYS/broker/load/bytes/received/5min', ... (5 bytes))
1702911265: Sending PUBLISH to mqtt-explorer-3067b4a5 (d0, q0, r0, m0, '$SYS/broker/load/bytes/sent/5min', ... (6 bytes))
1702911265: Sending PUBLISH to mqtt-explorer-3067b4a5 (d0, q0, r0, m0, '$SYS/broker/load/sockets/5min', ... (4 bytes))
1702911265: Sending PUBLISH to mqtt-explorer-3067b4a5 (d0, q0, r0, m0, '$SYS/broker/load/connections/5min', ... (4 bytes))
1702911265: Sending PUBLISH to mqtt-explorer-3067b4a5 (d0, q0, r0, m0, '$SYS/broker/load/messages/received/15min', ... (4 bytes))
1702911265: Sending PUBLISH to mqtt-explorer-3067b4a5 (d0, q0, r0, m0, '$SYS/broker/load/messages/sent/15min', ... (4 bytes))
1702911265: Sending PUBLISH to mqtt-explorer-3067b4a5 (d0, q0, r0, m0, '$SYS/broker/load/publish/sent/15min', ... (4 bytes))
1702911265: Sending PUBLISH to mqtt-explorer-3067b4a5 (d0, q0, r0, m0, '$SYS/broker/load/bytes/received/15min', ... (4 bytes))
1702911265: Sending PUBLISH to mqtt-explorer-3067b4a5 (d0, q0, r0, m0, '$SYS/broker/load/bytes/sent/15min', ... (6 bytes))
1702911265: Sending PUBLISH to mqtt-explorer-3067b4a5 (d0, q0, r0, m0, '$SYS/broker/load/sockets/15min', ... (4 bytes))
1702911265: Sending PUBLISH to mqtt-explorer-3067b4a5 (d0, q0, r0, m0, '$SYS/broker/load/connections/15min', ... (4 bytes))
1702911265: Sending PUBLISH to mqtt-explorer-3067b4a5 (d0, q0, r0, m0, '$SYS/broker/messages/stored', ... (2 bytes))
1702911265: Sending PUBLISH to mqtt-explorer-3067b4a5 (d0, q0, r0, m0, '$SYS/broker/store/messages/count', ... (2 bytes))
1702911265: Sending PUBLISH to mqtt-explorer-3067b4a5 (d0, q0, r0, m0, '$SYS/broker/store/messages/bytes', ... (3 bytes))
1702911265: Sending PUBLISH to mqtt-explorer-3067b4a5 (d0, q0, r0, m0, '$SYS/broker/subscriptions/count', ... (1 bytes))
1702911265: Sending PUBLISH to mqtt-explorer-3067b4a5 (d0, q0, r0, m0, '$SYS/broker/retained messages/count', ... (2 bytes))
1702911265: Sending PUBLISH to mqtt-explorer-3067b4a5 (d0, q0, r0, m0, '$SYS/broker/messages/received', ... (1 bytes))
1702911265: Sending PUBLISH to mqtt-explorer-3067b4a5 (d0, q0, r0, m0, '$SYS/broker/messages/sent', ... (2 bytes))
1702911265: Sending PUBLISH to mqtt-explorer-3067b4a5 (d0, q0, r0, m0, '$SYS/broker/publish/messages/sent', ... (2 bytes))
1702911265: Sending PUBLISH to mqtt-explorer-3067b4a5 (d0, q0, r0, m0, '$SYS/broker/bytes/received', ... (2 bytes))
1702911265: Sending PUBLISH to mqtt-explorer-3067b4a5 (d0, q0, r0, m0, '$SYS/broker/bytes/sent', ... (4 bytes))
1702911265: Sending PUBLISH to mqtt-explorer-3067b4a5 (d0, q0, r0, m0, '$SYS/broker/publish/bytes/sent', ... (3 bytes))
1702911276: Sending PUBLISH to mqtt-explorer-3067b4a5 (d0, q0, r0, m0, '$SYS/broker/uptime', ... (10 bytes))
1702911276: Sending PUBLISH to mqtt-explorer-3067b4a5 (d0, q0, r0, m0, '$SYS/broker/load/messages/received/1min', ... (4 bytes))
1702911276: Sending PUBLISH to mqtt-explorer-3067b4a5 (d0, q0, r0, m0, '$SYS/broker/load/messages/sent/1min', ... (5 bytes))
1702911276: Sending PUBLISH to mqtt-explorer-3067b4a5 (d0, q0, r0, m0, '$SYS/broker/load/publish/sent/1min', ... (5 bytes))
1702911276: Sending PUBLISH to mqtt-explorer-3067b4a5 (d0, q0, r0, m0, '$SYS/broker/load/bytes/received/1min', ... (5 bytes))
1702911276: Sending PUBLISH to mqtt-explorer-3067b4a5 (d0, q0, r0, m0, '$SYS/broker/load/bytes/sent/1min', ... (7 bytes))
1702911276: Sending PUBLISH to mqtt-explorer-3067b4a5 (d0, q0, r0, m0, '$SYS/broker/load/sockets/1min', ... (4 bytes))
1702911276: Sending PUBLISH to mqtt-explorer-3067b4a5 (d0, q0, r0, m0, '$SYS/broker/load/connections/1min', ... (4 bytes))
1702911276: Sending PUBLISH to mqtt-explorer-3067b4a5 (d0, q0, r0, m0, '$SYS/broker/load/messages/received/5min', ... (4 bytes))
1702911276: Sending PUBLISH to mqtt-explorer-3067b4a5 (d0, q0, r0, m0, '$SYS/broker/load/messages/sent/5min', ... (5 bytes))
1702911276: Sending PUBLISH to mqtt-explorer-3067b4a5 (d0, q0, r0, m0, '$SYS/broker/load/publish/sent/5min', ... (5 bytes))
1702911276: Sending PUBLISH to mqtt-explorer-3067b4a5 (d0, q0, r0, m0, '$SYS/broker/load/bytes/received/5min', ... (5 bytes))
1702911276: Sending PUBLISH to mqtt-explorer-3067b4a5 (d0, q0, r0, m0, '$SYS/broker/load/bytes/sent/5min', ... (6 bytes))
1702911276: Sending PUBLISH to mqtt-explorer-3067b4a5 (d0, q0, r0, m0, '$SYS/broker/load/messages/sent/15min', ... (4 bytes))
1702911276: Sending PUBLISH to mqtt-explorer-3067b4a5 (d0, q0, r0, m0, '$SYS/broker/load/publish/sent/15min', ... (4 bytes))
1702911276: Sending PUBLISH to mqtt-explorer-3067b4a5 (d0, q0, r0, m0, '$SYS/broker/load/bytes/received/15min', ... (4 bytes))
1702911276: Sending PUBLISH to mqtt-explorer-3067b4a5 (d0, q0, r0, m0, '$SYS/broker/load/bytes/sent/15min', ... (6 bytes))
1702911276: Sending PUBLISH to mqtt-explorer-3067b4a5 (d0, q0, r0, m0, '$SYS/broker/store/messages/bytes', ... (3 bytes))
1702911276: Sending PUBLISH to mqtt-explorer-3067b4a5 (d0, q0, r0, m0, '$SYS/broker/messages/sent', ... (3 bytes))
1702911276: Sending PUBLISH to mqtt-explorer-3067b4a5 (d0, q0, r0, m0, '$SYS/broker/publish/messages/sent', ... (3 bytes))
1702911276: Sending PUBLISH to mqtt-explorer-3067b4a5 (d0, q0, r0, m0, '$SYS/broker/bytes/sent', ... (4 bytes))
1702911276: Sending PUBLISH to mqtt-explorer-3067b4a5 (d0, q0, r0, m0, '$SYS/broker/publish/bytes/sent', ... (3 bytes))
1702911287: Sending PUBLISH to mqtt-explorer-3067b4a5 (d0, q0, r0, m0, '$SYS/broker/uptime', ... (10 bytes))
1702911287: Sending PUBLISH to mqtt-explorer-3067b4a5 (d0, q0, r0, m0, '$SYS/broker/load/messages/received/1min', ... (4 bytes))
1702911287: Sending PUBLISH to mqtt-explorer-3067b4a5 (d0, q0, r0, m0, '$SYS/broker/load/messages/sent/1min', ... (5 bytes))
1702911287: Sending PUBLISH to mqtt-explorer-3067b4a5 (d0, q0, r0, m0, '$SYS/broker/load/publish/sent/1min', ... (5 bytes))
1702911287: Sending PUBLISH to mqtt-explorer-3067b4a5 (d0, q0, r0, m0, '$SYS/broker/load/bytes/received/1min', ... (5 bytes))
1702911287: Sending PUBLISH to mqtt-explorer-3067b4a5 (d0, q0, r0, m0, '$SYS/broker/load/bytes/sent/1min', ... (7 bytes))
1702911287: Sending PUBLISH to mqtt-explorer-3067b4a5 (d0, q0, r0, m0, '$SYS/broker/load/sockets/1min', ... (4 bytes))
1702911287: Sending PUBLISH to mqtt-explorer-3067b4a5 (d0, q0, r0, m0, '$SYS/broker/load/connections/1min', ... (4 bytes))
1702911287: Sending PUBLISH to mqtt-explorer-3067b4a5 (d0, q0, r0, m0, '$SYS/broker/load/messages/received/5min', ... (4 bytes))
1702911287: Sending PUBLISH to mqtt-explorer-3067b4a5 (d0, q0, r0, m0, '$SYS/broker/load/messages/sent/5min', ... (5 bytes))
1702911287: Sending PUBLISH to mqtt-explorer-3067b4a5 (d0, q0, r0, m0, '$SYS/broker/load/publish/sent/5min', ... (5 bytes))
1702911287: Sending PUBLISH to mqtt-explorer-3067b4a5 (d0, q0, r0, m0, '$SYS/broker/load/bytes/received/5min', ... (5 bytes))
1702911287: Sending PUBLISH to mqtt-explorer-3067b4a5 (d0, q0, r0, m0, '$SYS/broker/load/bytes/sent/5min', ... (6 bytes))
1702911287: Sending PUBLISH to mqtt-explorer-3067b4a5 (d0, q0, r0, m0, '$SYS/broker/load/messages/sent/15min', ... (4 bytes))
1702911287: Sending PUBLISH to mqtt-explorer-3067b4a5 (d0, q0, r0, m0, '$SYS/broker/load/publish/sent/15min', ... (4 bytes))
1702911287: Sending PUBLISH to mqtt-explorer-3067b4a5 (d0, q0, r0, m0, '$SYS/broker/load/bytes/received/15min', ... (4 bytes))
1702911287: Sending PUBLISH to mqtt-explorer-3067b4a5 (d0, q0, r0, m0, '$SYS/broker/load/bytes/sent/15min', ... (6 bytes))
1702911287: Sending PUBLISH to mqtt-explorer-3067b4a5 (d0, q0, r0, m0, '$SYS/broker/store/messages/bytes', ... (3 bytes))
1702911287: Sending PUBLISH to mqtt-explorer-3067b4a5 (d0, q0, r0, m0, '$SYS/broker/messages/sent', ... (3 bytes))
1702911287: Sending PUBLISH to mqtt-explorer-3067b4a5 (d0, q0, r0, m0, '$SYS/broker/publish/messages/sent', ... (3 bytes))
1702911287: Sending PUBLISH to mqtt-explorer-3067b4a5 (d0, q0, r0, m0, '$SYS/broker/bytes/sent', ... (4 bytes))
1702911287: Sending PUBLISH to mqtt-explorer-3067b4a5 (d0, q0, r0, m0, '$SYS/broker/publish/bytes/sent', ... (3 bytes))
1702911298: Sending PUBLISH to mqtt-explorer-3067b4a5 (d0, q0, r0, m0, '$SYS/broker/uptime', ... (10 bytes))
1702911298: Sending PUBLISH to mqtt-explorer-3067b4a5 (d0, q0, r0, m0, '$SYS/broker/load/messages/received/1min', ... (4 bytes))
1702911298: Sending PUBLISH to mqtt-explorer-3067b4a5 (d0, q0, r0, m0, '$SYS/broker/load/messages/sent/1min', ... (5 bytes))
1702911298: Sending PUBLISH to mqtt-explorer-3067b4a5 (d0, q0, r0, m0, '$SYS/broker/load/publish/sent/1min', ... (5 bytes))
1702911298: Sending PUBLISH to mqtt-explorer-3067b4a5 (d0, q0, r0, m0, '$SYS/broker/load/bytes/received/1min', ... (5 bytes))
1702911298: Sending PUBLISH to mqtt-explorer-3067b4a5 (d0, q0, r0, m0, '$SYS/broker/load/bytes/sent/1min', ... (7 bytes))
1702911298: Sending PUBLISH to mqtt-explorer-3067b4a5 (d0, q0, r0, m0, '$SYS/broker/load/sockets/1min', ... (4 bytes))
1702911298: Sending PUBLISH to mqtt-explorer-3067b4a5 (d0, q0, r0, m0, '$SYS/broker/load/connections/1min', ... (4 bytes))
1702911298: Sending PUBLISH to mqtt-explorer-3067b4a5 (d0, q0, r0, m0, '$SYS/broker/load/messages/received/5min', ... (4 bytes))
1702911298: Sending PUBLISH to mqtt-explorer-3067b4a5 (d0, q0, r0, m0, '$SYS/broker/load/messages/sent/5min', ... (5 bytes))
1702911298: Sending PUBLISH to mqtt-explorer-3067b4a5 (d0, q0, r0, m0, '$SYS/broker/load/publish/sent/5min', ... (5 bytes))
1702911298: Sending PUBLISH to mqtt-explorer-3067b4a5 (d0, q0, r0, m0, '$SYS/broker/load/bytes/received/5min', ... (5 bytes))
1702911298: Sending PUBLISH to mqtt-explorer-3067b4a5 (d0, q0, r0, m0, '$SYS/broker/load/bytes/sent/5min', ... (6 bytes))
1702911298: Sending PUBLISH to mqtt-explorer-3067b4a5 (d0, q0, r0, m0, '$SYS/broker/load/messages/sent/15min', ... (4 bytes))
1702911298: Sending PUBLISH to mqtt-explorer-3067b4a5 (d0, q0, r0, m0, '$SYS/broker/load/publish/sent/15min', ... (4 bytes))
1702911298: Sending PUBLISH to mqtt-explorer-3067b4a5 (d0, q0, r0, m0, '$SYS/broker/load/bytes/received/15min', ... (4 bytes))
1702911298: Sending PUBLISH to mqtt-explorer-3067b4a5 (d0, q0, r0, m0, '$SYS/broker/load/bytes/sent/15min', ... (6 bytes))
1702911298: Sending PUBLISH to mqtt-explorer-3067b4a5 (d0, q0, r0, m0, '$SYS/broker/messages/sent', ... (3 bytes))
1702911298: Sending PUBLISH to mqtt-explorer-3067b4a5 (d0, q0, r0, m0, '$SYS/broker/publish/messages/sent', ... (3 bytes))
1702911298: Sending PUBLISH to mqtt-explorer-3067b4a5 (d0, q0, r0, m0, '$SYS/broker/bytes/sent', ... (4 bytes))
1702911298: Sending PUBLISH to mqtt-explorer-3067b4a5 (d0, q0, r0, m0, '$SYS/broker/publish/bytes/sent', ... (3 bytes))
1702911309: Sending PUBLISH to mqtt-explorer-3067b4a5 (d0, q0, r0, m0, '$SYS/broker/uptime', ... (10 bytes))
1702911309: Sending PUBLISH to mqtt-explorer-3067b4a5 (d0, q0, r0, m0, '$SYS/broker/load/messages/received/1min', ... (4 bytes))
1702911309: Sending PUBLISH to mqtt-explorer-3067b4a5 (d0, q0, r0, m0, '$SYS/broker/load/messages/sent/1min', ... (5 bytes))
1702911309: Sending PUBLISH to mqtt-explorer-3067b4a5 (d0, q0, r0, m0, '$SYS/broker/load/publish/sent/1min', ... (5 bytes))
1702911309: Sending PUBLISH to mqtt-explorer-3067b4a5 (d0, q0, r0, m0, '$SYS/broker/load/bytes/received/1min', ... (5 bytes))
1702911309: Sending PUBLISH to mqtt-explorer-3067b4a5 (d0, q0, r0, m0, '$SYS/broker/load/bytes/sent/1min', ... (7 bytes))
1702911309: Sending PUBLISH to mqtt-explorer-3067b4a5 (d0, q0, r0, m0, '$SYS/broker/load/sockets/1min', ... (4 bytes))
1702911309: Sending PUBLISH to mqtt-explorer-3067b4a5 (d0, q0, r0, m0, '$SYS/broker/load/connections/1min', ... (4 bytes))
1702911309: Sending PUBLISH to mqtt-explorer-3067b4a5 (d0, q0, r0, m0, '$SYS/broker/load/messages/received/5min', ... (4 bytes))
1702911309: Sending PUBLISH to mqtt-explorer-3067b4a5 (d0, q0, r0, m0, '$SYS/broker/load/messages/sent/5min', ... (5 bytes))
1702911309: Sending PUBLISH to mqtt-explorer-3067b4a5 (d0, q0, r0, m0, '$SYS/broker/load/publish/sent/5min', ... (5 bytes))
1702911309: Sending PUBLISH to mqtt-explorer-3067b4a5 (d0, q0, r0, m0, '$SYS/broker/load/bytes/received/5min', ... (4 bytes))
1702911309: Sending PUBLISH to mqtt-explorer-3067b4a5 (d0, q0, r0, m0, '$SYS/broker/load/bytes/sent/5min', ... (6 bytes))
1702911309: Sending PUBLISH to mqtt-explorer-3067b4a5 (d0, q0, r0, m0, '$SYS/broker/load/messages/sent/15min', ... (4 bytes))
1702911309: Sending PUBLISH to mqtt-explorer-3067b4a5 (d0, q0, r0, m0, '$SYS/broker/load/publish/sent/15min', ... (4 bytes))
1702911309: Sending PUBLISH to mqtt-explorer-3067b4a5 (d0, q0, r0, m0, '$SYS/broker/load/bytes/received/15min', ... (4 bytes))
1702911309: Sending PUBLISH to mqtt-explorer-3067b4a5 (d0, q0, r0, m0, '$SYS/broker/load/bytes/sent/15min', ... (6 bytes))
1702911309: Sending PUBLISH to mqtt-explorer-3067b4a5 (d0, q0, r0, m0, '$SYS/broker/store/messages/bytes', ... (3 bytes))
1702911309: Sending PUBLISH to mqtt-explorer-3067b4a5 (d0, q0, r0, m0, '$SYS/broker/messages/sent', ... (3 bytes))
1702911309: Sending PUBLISH to mqtt-explorer-3067b4a5 (d0, q0, r0, m0, '$SYS/broker/publish/messages/sent', ... (3 bytes))
1702911309: Sending PUBLISH to mqtt-explorer-3067b4a5 (d0, q0, r0, m0, '$SYS/broker/bytes/sent', ... (4 bytes))
1702911309: Sending PUBLISH to mqtt-explorer-3067b4a5 (d0, q0, r0, m0, '$SYS/broker/publish/bytes/sent', ... (3 bytes))
1702911314: Received PINGREQ from mqtt-explorer-3067b4a5
1702911314: Sending PINGRESP to mqtt-explorer-3067b4a5
1702911320: Sending PUBLISH to mqtt-explorer-3067b4a5 (d0, q0, r0, m0, '$SYS/broker/uptime', ... (10 bytes))
1702911320: Sending PUBLISH to mqtt-explorer-3067b4a5 (d0, q0, r0, m0, '$SYS/broker/load/messages/received/1min', ... (4 bytes))
1702911320: Sending PUBLISH to mqtt-explorer-3067b4a5 (d0, q0, r0, m0, '$SYS/broker/load/messages/sent/1min', ... (5 bytes))
1702911320: Sending PUBLISH to mqtt-explorer-3067b4a5 (d0, q0, r0, m0, '$SYS/broker/load/publish/sent/1min', ... (5 bytes))
1702911320: Sending PUBLISH to mqtt-explorer-3067b4a5 (d0, q0, r0, m0, '$SYS/broker/load/bytes/received/1min', ... (5 bytes))
1702911320: Sending PUBLISH to mqtt-explorer-3067b4a5 (d0, q0, r0, m0, '$SYS/broker/load/bytes/sent/1min', ... (7 bytes))
1702911320: Sending PUBLISH to mqtt-explorer-3067b4a5 (d0, q0, r0, m0, '$SYS/broker/load/sockets/1min', ... (4 bytes))
1702911320: Sending PUBLISH to mqtt-explorer-3067b4a5 (d0, q0, r0, m0, '$SYS/broker/load/connections/1min', ... (4 bytes))
1702911320: Sending PUBLISH to mqtt-explorer-3067b4a5 (d0, q0, r0, m0, '$SYS/broker/load/messages/received/5min', ... (4 bytes))
1702911320: Sending PUBLISH to mqtt-explorer-3067b4a5 (d0, q0, r0, m0, '$SYS/broker/load/messages/sent/5min', ... (5 bytes))
1702911320: Sending PUBLISH to mqtt-explorer-3067b4a5 (d0, q0, r0, m0, '$SYS/broker/load/publish/sent/5min', ... (5 bytes))
1702911320: Sending PUBLISH to mqtt-explorer-3067b4a5 (d0, q0, r0, m0, '$SYS/broker/load/bytes/received/5min', ... (4 bytes))
1702911320: Sending PUBLISH to mqtt-explorer-3067b4a5 (d0, q0, r0, m0, '$SYS/broker/load/bytes/sent/5min', ... (6 bytes))
1702911320: Sending PUBLISH to mqtt-explorer-3067b4a5 (d0, q0, r0, m0, '$SYS/broker/load/messages/received/15min', ... (4 bytes))
1702911320: Sending PUBLISH to mqtt-explorer-3067b4a5 (d0, q0, r0, m0, '$SYS/broker/load/messages/sent/15min', ... (4 bytes))
1702911320: Sending PUBLISH to mqtt-explorer-3067b4a5 (d0, q0, r0, m0, '$SYS/broker/load/publish/sent/15min', ... (4 bytes))
1702911320: Sending PUBLISH to mqtt-explorer-3067b4a5 (d0, q0, r0, m0, '$SYS/broker/load/bytes/received/15min', ... (4 bytes))
1702911320: Sending PUBLISH to mqtt-explorer-3067b4a5 (d0, q0, r0, m0, '$SYS/broker/load/bytes/sent/15min', ... (6 bytes))
1702911320: Sending PUBLISH to mqtt-explorer-3067b4a5 (d0, q0, r0, m0, '$SYS/broker/messages/received', ... (1 bytes))
1702911320: Sending PUBLISH to mqtt-explorer-3067b4a5 (d0, q0, r0, m0, '$SYS/broker/messages/sent', ... (3 bytes))
1702911320: Sending PUBLISH to mqtt-explorer-3067b4a5 (d0, q0, r0, m0, '$SYS/broker/publish/messages/sent', ... (3 bytes))
1702911320: Sending PUBLISH to mqtt-explorer-3067b4a5 (d0, q0, r0, m0, '$SYS/broker/bytes/received', ... (2 bytes))
1702911320: Sending PUBLISH to mqtt-explorer-3067b4a5 (d0, q0, r0, m0, '$SYS/broker/bytes/sent', ... (4 bytes))
1702911320: Sending PUBLISH to mqtt-explorer-3067b4a5 (d0, q0, r0, m0, '$SYS/broker/publish/bytes/sent', ... (3 bytes))
1702911327: Received DISCONNECT from mqtt-explorer-3067b4a5
1702911327: Client mqtt-explorer-3067b4a5 disconnected.
1702911329: New connection from 127.0.0.1:65088 on port 1883.
1702911329: New client connected from 127.0.0.1:65088 as mqtt-explorer-3067b4a5 (p2, c1, k60).
1702911329: No will message specified.
1702911329: Sending CONNACK to mqtt-explorer-3067b4a5 (0, 0)
1702911329: Received SUBSCRIBE from mqtt-explorer-3067b4a5
1702911329: 	# (QoS 0)
1702911329: mqtt-explorer-3067b4a5 0 #
1702911329: Sending SUBACK to mqtt-explorer-3067b4a5
1702911329: Received SUBSCRIBE from mqtt-explorer-3067b4a5
1702911329: 	$SYS/# (QoS 0)
1702911329: mqtt-explorer-3067b4a5 0 $SYS/#
1702911329: Sending SUBACK to mqtt-explorer-3067b4a5
1702911329: Sending PUBLISH to mqtt-explorer-3067b4a5 (d0, q0, r1, m0, '$SYS/broker/version', ... (24 bytes))
1702911329: Sending PUBLISH to mqtt-explorer-3067b4a5 (d0, q0, r1, m0, '$SYS/broker/uptime', ... (10 bytes))
1702911329: Sending PUBLISH to mqtt-explorer-3067b4a5 (d0, q0, r1, m0, '$SYS/broker/clients/total', ... (1 bytes))
1702911329: Sending PUBLISH to mqtt-explorer-3067b4a5 (d0, q0, r1, m0, '$SYS/broker/clients/inactive', ... (1 bytes))
1702911329: Sending PUBLISH to mqtt-explorer-3067b4a5 (d0, q0, r1, m0, '$SYS/broker/clients/disconnected', ... (1 bytes))
1702911329: Sending PUBLISH to mqtt-explorer-3067b4a5 (d0, q0, r1, m0, '$SYS/broker/clients/active', ... (1 bytes))
1702911329: Sending PUBLISH to mqtt-explorer-3067b4a5 (d0, q0, r1, m0, '$SYS/broker/clients/connected', ... (1 bytes))
1702911329: Sending PUBLISH to mqtt-explorer-3067b4a5 (d0, q0, r1, m0, '$SYS/broker/clients/expired', ... (1 bytes))
1702911329: Sending PUBLISH to mqtt-explorer-3067b4a5 (d0, q0, r1, m0, '$SYS/broker/clients/maximum', ... (1 bytes))
1702911329: Sending PUBLISH to mqtt-explorer-3067b4a5 (d0, q0, r1, m0, '$SYS/broker/load/messages/received/1min', ... (4 bytes))
1702911329: Sending PUBLISH to mqtt-explorer-3067b4a5 (d0, q0, r1, m0, '$SYS/broker/load/messages/received/5min', ... (4 bytes))
1702911329: Sending PUBLISH to mqtt-explorer-3067b4a5 (d0, q0, r1, m0, '$SYS/broker/load/messages/received/15min', ... (4 bytes))
1702911329: Sending PUBLISH to mqtt-explorer-3067b4a5 (d0, q0, r1, m0, '$SYS/broker/load/messages/sent/1min', ... (5 bytes))
1702911329: Sending PUBLISH to mqtt-explorer-3067b4a5 (d0, q0, r1, m0, '$SYS/broker/load/messages/sent/5min', ... (5 bytes))
1702911329: Sending PUBLISH to mqtt-explorer-3067b4a5 (d0, q0, r1, m0, '$SYS/broker/load/messages/sent/15min', ... (4 bytes))
1702911329: Sending PUBLISH to mqtt-explorer-3067b4a5 (d0, q0, r1, m0, '$SYS/broker/load/publish/dropped/1min', ... (4 bytes))
1702911329: Sending PUBLISH to mqtt-explorer-3067b4a5 (d0, q0, r1, m0, '$SYS/broker/load/publish/dropped/5min', ... (4 bytes))
1702911329: Sending PUBLISH to mqtt-explorer-3067b4a5 (d0, q0, r1, m0, '$SYS/broker/load/publish/dropped/15min', ... (4 bytes))
1702911329: Sending PUBLISH to mqtt-explorer-3067b4a5 (d0, q0, r1, m0, '$SYS/broker/load/publish/received/1min', ... (4 bytes))
1702911329: Sending PUBLISH to mqtt-explorer-3067b4a5 (d0, q0, r1, m0, '$SYS/broker/load/publish/received/5min', ... (4 bytes))
1702911329: Sending PUBLISH to mqtt-explorer-3067b4a5 (d0, q0, r1, m0, '$SYS/broker/load/publish/received/15min', ... (4 bytes))
1702911329: Sending PUBLISH to mqtt-explorer-3067b4a5 (d0, q0, r1, m0, '$SYS/broker/load/publish/sent/1min', ... (5 bytes))
1702911329: Sending PUBLISH to mqtt-explorer-3067b4a5 (d0, q0, r1, m0, '$SYS/broker/load/publish/sent/5min', ... (5 bytes))
1702911329: Sending PUBLISH to mqtt-explorer-3067b4a5 (d0, q0, r1, m0, '$SYS/broker/load/publish/sent/15min', ... (4 bytes))
1702911329: Sending PUBLISH to mqtt-explorer-3067b4a5 (d0, q0, r1, m0, '$SYS/broker/load/bytes/received/1min', ... (5 bytes))
1702911329: Sending PUBLISH to mqtt-explorer-3067b4a5 (d0, q0, r1, m0, '$SYS/broker/load/bytes/received/5min', ... (4 bytes))
1702911329: Sending PUBLISH to mqtt-explorer-3067b4a5 (d0, q0, r1, m0, '$SYS/broker/load/bytes/received/15min', ... (4 bytes))
1702911329: Sending PUBLISH to mqtt-explorer-3067b4a5 (d0, q0, r1, m0, '$SYS/broker/load/bytes/sent/1min', ... (7 bytes))
1702911329: Sending PUBLISH to mqtt-explorer-3067b4a5 (d0, q0, r1, m0, '$SYS/broker/load/bytes/sent/5min', ... (6 bytes))
1702911329: Sending PUBLISH to mqtt-explorer-3067b4a5 (d0, q0, r1, m0, '$SYS/broker/load/bytes/sent/15min', ... (6 bytes))
1702911329: Sending PUBLISH to mqtt-explorer-3067b4a5 (d0, q0, r1, m0, '$SYS/broker/load/sockets/1min', ... (4 bytes))
1702911329: Sending PUBLISH to mqtt-explorer-3067b4a5 (d0, q0, r1, m0, '$SYS/broker/load/sockets/5min', ... (4 bytes))
1702911329: Sending PUBLISH to mqtt-explorer-3067b4a5 (d0, q0, r1, m0, '$SYS/broker/load/sockets/15min', ... (4 bytes))
1702911329: Sending PUBLISH to mqtt-explorer-3067b4a5 (d0, q0, r1, m0, '$SYS/broker/load/connections/1min', ... (4 bytes))
1702911329: Sending PUBLISH to mqtt-explorer-3067b4a5 (d0, q0, r1, m0, '$SYS/broker/load/connections/5min', ... (4 bytes))
1702911329: Sending PUBLISH to mqtt-explorer-3067b4a5 (d0, q0, r1, m0, '$SYS/broker/load/connections/15min', ... (4 bytes))
1702911329: Sending PUBLISH to mqtt-explorer-3067b4a5 (d0, q0, r1, m0, '$SYS/broker/messages/stored', ... (2 bytes))
1702911329: Sending PUBLISH to mqtt-explorer-3067b4a5 (d0, q0, r1, m0, '$SYS/broker/messages/received', ... (1 bytes))
1702911329: Sending PUBLISH to mqtt-explorer-3067b4a5 (d0, q0, r1, m0, '$SYS/broker/messages/sent', ... (3 bytes))
1702911329: Sending PUBLISH to mqtt-explorer-3067b4a5 (d0, q0, r1, m0, '$SYS/broker/store/messages/count', ... (2 bytes))
1702911329: Sending PUBLISH to mqtt-explorer-3067b4a5 (d0, q0, r1, m0, '$SYS/broker/store/messages/bytes', ... (3 bytes))
1702911329: Sending PUBLISH to mqtt-explorer-3067b4a5 (d0, q0, r1, m0, '$SYS/broker/subscriptions/count', ... (1 bytes))
1702911329: Sending PUBLISH to mqtt-explorer-3067b4a5 (d0, q0, r1, m0, '$SYS/broker/shared_subscriptions/count', ... (1 bytes))
1702911329: Sending PUBLISH to mqtt-explorer-3067b4a5 (d0, q0, r1, m0, '$SYS/broker/retained messages/count', ... (2 bytes))
1702911329: Sending PUBLISH to mqtt-explorer-3067b4a5 (d0, q0, r1, m0, '$SYS/broker/publish/messages/dropped', ... (1 bytes))
1702911329: Sending PUBLISH to mqtt-explorer-3067b4a5 (d0, q0, r1, m0, '$SYS/broker/publish/messages/received', ... (1 bytes))
1702911329: Sending PUBLISH to mqtt-explorer-3067b4a5 (d0, q0, r1, m0, '$SYS/broker/publish/messages/sent', ... (3 bytes))
1702911329: Sending PUBLISH to mqtt-explorer-3067b4a5 (d0, q0, r1, m0, '$SYS/broker/publish/bytes/received', ... (1 bytes))
1702911329: Sending PUBLISH to mqtt-explorer-3067b4a5 (d0, q0, r1, m0, '$SYS/broker/publish/bytes/sent', ... (3 bytes))
1702911329: Sending PUBLISH to mqtt-explorer-3067b4a5 (d0, q0, r1, m0, '$SYS/broker/bytes/received', ... (2 bytes))
1702911329: Sending PUBLISH to mqtt-explorer-3067b4a5 (d0, q0, r1, m0, '$SYS/broker/bytes/sent', ... (4 bytes))
1702911331: Sending PUBLISH to mqtt-explorer-3067b4a5 (d0, q0, r0, m0, '$SYS/broker/uptime', ... (10 bytes))
1702911331: Sending PUBLISH to mqtt-explorer-3067b4a5 (d0, q0, r0, m0, '$SYS/broker/load/messages/received/1min', ... (4 bytes))
1702911331: Sending PUBLISH to mqtt-explorer-3067b4a5 (d0, q0, r0, m0, '$SYS/broker/load/messages/sent/1min', ... (5 bytes))
1702911331: Sending PUBLISH to mqtt-explorer-3067b4a5 (d0, q0, r0, m0, '$SYS/broker/load/publish/sent/1min', ... (5 bytes))
1702911331: Sending PUBLISH to mqtt-explorer-3067b4a5 (d0, q0, r0, m0, '$SYS/broker/load/bytes/received/1min', ... (5 bytes))
1702911331: Sending PUBLISH to mqtt-explorer-3067b4a5 (d0, q0, r0, m0, '$SYS/broker/load/bytes/sent/1min', ... (7 bytes))
1702911331: Sending PUBLISH to mqtt-explorer-3067b4a5 (d0, q0, r0, m0, '$SYS/broker/load/sockets/1min', ... (4 bytes))
1702911331: Sending PUBLISH to mqtt-explorer-3067b4a5 (d0, q0, r0, m0, '$SYS/broker/load/connections/1min', ... (4 bytes))
1702911331: Sending PUBLISH to mqtt-explorer-3067b4a5 (d0, q0, r0, m0, '$SYS/broker/load/messages/received/5min', ... (4 bytes))
1702911331: Sending PUBLISH to mqtt-explorer-3067b4a5 (d0, q0, r0, m0, '$SYS/broker/load/messages/sent/5min', ... (5 bytes))
1702911331: Sending PUBLISH to mqtt-explorer-3067b4a5 (d0, q0, r0, m0, '$SYS/broker/load/publish/sent/5min', ... (5 bytes))
1702911331: Sending PUBLISH to mqtt-explorer-3067b4a5 (d0, q0, r0, m0, '$SYS/broker/load/bytes/received/5min', ... (5 bytes))
1702911331: Sending PUBLISH to mqtt-explorer-3067b4a5 (d0, q0, r0, m0, '$SYS/broker/load/bytes/sent/5min', ... (6 bytes))
1702911331: Sending PUBLISH to mqtt-explorer-3067b4a5 (d0, q0, r0, m0, '$SYS/broker/load/sockets/5min', ... (4 bytes))
1702911331: Sending PUBLISH to mqtt-explorer-3067b4a5 (d0, q0, r0, m0, '$SYS/broker/load/connections/5min', ... (4 bytes))
1702911331: Sending PUBLISH to mqtt-explorer-3067b4a5 (d0, q0, r0, m0, '$SYS/broker/load/messages/received/15min', ... (4 bytes))
1702911331: Sending PUBLISH to mqtt-explorer-3067b4a5 (d0, q0, r0, m0, '$SYS/broker/load/messages/sent/15min', ... (4 bytes))
1702911331: Sending PUBLISH to mqtt-explorer-3067b4a5 (d0, q0, r0, m0, '$SYS/broker/load/publish/sent/15min', ... (4 bytes))
1702911331: Sending PUBLISH to mqtt-explorer-3067b4a5 (d0, q0, r0, m0, '$SYS/broker/load/bytes/received/15min', ... (4 bytes))
1702911331: Sending PUBLISH to mqtt-explorer-3067b4a5 (d0, q0, r0, m0, '$SYS/broker/load/bytes/sent/15min', ... (6 bytes))
1702911331: Sending PUBLISH to mqtt-explorer-3067b4a5 (d0, q0, r0, m0, '$SYS/broker/load/sockets/15min', ... (4 bytes))
1702911331: Sending PUBLISH to mqtt-explorer-3067b4a5 (d0, q0, r0, m0, '$SYS/broker/load/connections/15min', ... (4 bytes))
1702911331: Sending PUBLISH to mqtt-explorer-3067b4a5 (d0, q0, r0, m0, '$SYS/broker/store/messages/bytes', ... (3 bytes))
1702911331: Sending PUBLISH to mqtt-explorer-3067b4a5 (d0, q0, r0, m0, '$SYS/broker/messages/received', ... (1 bytes))
1702911331: Sending PUBLISH to mqtt-explorer-3067b4a5 (d0, q0, r0, m0, '$SYS/broker/messages/sent', ... (3 bytes))
1702911331: Sending PUBLISH to mqtt-explorer-3067b4a5 (d0, q0, r0, m0, '$SYS/broker/publish/messages/sent', ... (3 bytes))
1702911331: Sending PUBLISH to mqtt-explorer-3067b4a5 (d0, q0, r0, m0, '$SYS/broker/bytes/received', ... (3 bytes))
1702911331: Sending PUBLISH to mqtt-explorer-3067b4a5 (d0, q0, r0, m0, '$SYS/broker/bytes/sent', ... (5 bytes))
1702911331: Sending PUBLISH to mqtt-explorer-3067b4a5 (d0, q0, r0, m0, '$SYS/broker/publish/bytes/sent', ... (4 bytes))
1702911332: Received DISCONNECT from mqtt-explorer-3067b4a5
1702911332: Client mqtt-explorer-3067b4a5 disconnected.
1702911369: New connection from 127.0.0.1:65098 on port 1883.
1702911369: New client connected from 127.0.0.1:65098 as mqtt-explorer-3067b4a5 (p2, c1, k60).
1702911369: No will message specified.
1702911369: Sending CONNACK to mqtt-explorer-3067b4a5 (0, 0)
1702911369: Received SUBSCRIBE from mqtt-explorer-3067b4a5
1702911369: 	# (QoS 0)
1702911369: mqtt-explorer-3067b4a5 0 #
1702911369: Sending SUBACK to mqtt-explorer-3067b4a5
1702911369: Received SUBSCRIBE from mqtt-explorer-3067b4a5
1702911369: 	$SYS/# (QoS 0)
1702911369: mqtt-explorer-3067b4a5 0 $SYS/#
1702911369: Sending SUBACK to mqtt-explorer-3067b4a5
1702911369: Sending PUBLISH to mqtt-explorer-3067b4a5 (d0, q0, r1, m0, '$SYS/broker/version', ... (24 bytes))
1702911369: Sending PUBLISH to mqtt-explorer-3067b4a5 (d0, q0, r1, m0, '$SYS/broker/uptime', ... (11 bytes))
1702911369: Sending PUBLISH to mqtt-explorer-3067b4a5 (d0, q0, r1, m0, '$SYS/broker/clients/total', ... (1 bytes))
1702911369: Sending PUBLISH to mqtt-explorer-3067b4a5 (d0, q0, r1, m0, '$SYS/broker/clients/inactive', ... (1 bytes))
1702911369: Sending PUBLISH to mqtt-explorer-3067b4a5 (d0, q0, r1, m0, '$SYS/broker/clients/disconnected', ... (1 bytes))
1702911369: Sending PUBLISH to mqtt-explorer-3067b4a5 (d0, q0, r1, m0, '$SYS/broker/clients/active', ... (1 bytes))
1702911369: Sending PUBLISH to mqtt-explorer-3067b4a5 (d0, q0, r1, m0, '$SYS/broker/clients/connected', ... (1 bytes))
1702911369: Sending PUBLISH to mqtt-explorer-3067b4a5 (d0, q0, r1, m0, '$SYS/broker/clients/expired', ... (1 bytes))
1702911369: Sending PUBLISH to mqtt-explorer-3067b4a5 (d0, q0, r1, m0, '$SYS/broker/clients/maximum', ... (1 bytes))
1702911369: Sending PUBLISH to mqtt-explorer-3067b4a5 (d0, q0, r1, m0, '$SYS/broker/load/messages/received/1min', ... (4 bytes))
1702911369: Sending PUBLISH to mqtt-explorer-3067b4a5 (d0, q0, r1, m0, '$SYS/broker/load/messages/received/5min', ... (4 bytes))
1702911369: Sending PUBLISH to mqtt-explorer-3067b4a5 (d0, q0, r1, m0, '$SYS/broker/load/messages/received/15min', ... (4 bytes))
1702911369: Sending PUBLISH to mqtt-explorer-3067b4a5 (d0, q0, r1, m0, '$SYS/broker/load/messages/sent/1min', ... (5 bytes))
1702911369: Sending PUBLISH to mqtt-explorer-3067b4a5 (d0, q0, r1, m0, '$SYS/broker/load/messages/sent/5min', ... (5 bytes))
1702911369: Sending PUBLISH to mqtt-explorer-3067b4a5 (d0, q0, r1, m0, '$SYS/broker/load/messages/sent/15min', ... (4 bytes))
1702911369: Sending PUBLISH to mqtt-explorer-3067b4a5 (d0, q0, r1, m0, '$SYS/broker/load/publish/dropped/1min', ... (4 bytes))
1702911369: Sending PUBLISH to mqtt-explorer-3067b4a5 (d0, q0, r1, m0, '$SYS/broker/load/publish/dropped/5min', ... (4 bytes))
1702911369: Sending PUBLISH to mqtt-explorer-3067b4a5 (d0, q0, r1, m0, '$SYS/broker/load/publish/dropped/15min', ... (4 bytes))
1702911369: Sending PUBLISH to mqtt-explorer-3067b4a5 (d0, q0, r1, m0, '$SYS/broker/load/publish/received/1min', ... (4 bytes))
1702911369: Sending PUBLISH to mqtt-explorer-3067b4a5 (d0, q0, r1, m0, '$SYS/broker/load/publish/received/5min', ... (4 bytes))
1702911369: Sending PUBLISH to mqtt-explorer-3067b4a5 (d0, q0, r1, m0, '$SYS/broker/load/publish/received/15min', ... (4 bytes))
1702911369: Sending PUBLISH to mqtt-explorer-3067b4a5 (d0, q0, r1, m0, '$SYS/broker/load/publish/sent/1min', ... (5 bytes))
1702911369: Sending PUBLISH to mqtt-explorer-3067b4a5 (d0, q0, r1, m0, '$SYS/broker/load/publish/sent/5min', ... (5 bytes))
1702911369: Sending PUBLISH to mqtt-explorer-3067b4a5 (d0, q0, r1, m0, '$SYS/broker/load/publish/sent/15min', ... (4 bytes))
1702911369: Sending PUBLISH to mqtt-explorer-3067b4a5 (d0, q0, r1, m0, '$SYS/broker/load/bytes/received/1min', ... (5 bytes))
1702911369: Sending PUBLISH to mqtt-explorer-3067b4a5 (d0, q0, r1, m0, '$SYS/broker/load/bytes/received/5min', ... (5 bytes))
1702911369: Sending PUBLISH to mqtt-explorer-3067b4a5 (d0, q0, r1, m0, '$SYS/broker/load/bytes/received/15min', ... (4 bytes))
1702911369: Sending PUBLISH to mqtt-explorer-3067b4a5 (d0, q0, r1, m0, '$SYS/broker/load/bytes/sent/1min', ... (7 bytes))
1702911369: Sending PUBLISH to mqtt-explorer-3067b4a5 (d0, q0, r1, m0, '$SYS/broker/load/bytes/sent/5min', ... (6 bytes))
1702911369: Sending PUBLISH to mqtt-explorer-3067b4a5 (d0, q0, r1, m0, '$SYS/broker/load/bytes/sent/15min', ... (6 bytes))
1702911369: Sending PUBLISH to mqtt-explorer-3067b4a5 (d0, q0, r1, m0, '$SYS/broker/load/sockets/1min', ... (4 bytes))
1702911369: Sending PUBLISH to mqtt-explorer-3067b4a5 (d0, q0, r1, m0, '$SYS/broker/load/sockets/5min', ... (4 bytes))
1702911369: Sending PUBLISH to mqtt-explorer-3067b4a5 (d0, q0, r1, m0, '$SYS/broker/load/sockets/15min', ... (4 bytes))
1702911369: Sending PUBLISH to mqtt-explorer-3067b4a5 (d0, q0, r1, m0, '$SYS/broker/load/connections/1min', ... (4 bytes))
1702911369: Sending PUBLISH to mqtt-explorer-3067b4a5 (d0, q0, r1, m0, '$SYS/broker/load/connections/5min', ... (4 bytes))
1702911369: Sending PUBLISH to mqtt-explorer-3067b4a5 (d0, q0, r1, m0, '$SYS/broker/load/connections/15min', ... (4 bytes))
1702911369: Sending PUBLISH to mqtt-explorer-3067b4a5 (d0, q0, r1, m0, '$SYS/broker/messages/stored', ... (2 bytes))
1702911369: Sending PUBLISH to mqtt-explorer-3067b4a5 (d0, q0, r1, m0, '$SYS/broker/messages/received', ... (1 bytes))
1702911369: Sending PUBLISH to mqtt-explorer-3067b4a5 (d0, q0, r1, m0, '$SYS/broker/messages/sent', ... (3 bytes))
1702911369: Sending PUBLISH to mqtt-explorer-3067b4a5 (d0, q0, r1, m0, '$SYS/broker/store/messages/count', ... (2 bytes))
1702911369: Sending PUBLISH to mqtt-explorer-3067b4a5 (d0, q0, r1, m0, '$SYS/broker/store/messages/bytes', ... (3 bytes))
1702911369: Sending PUBLISH to mqtt-explorer-3067b4a5 (d0, q0, r1, m0, '$SYS/broker/subscriptions/count', ... (1 bytes))
1702911369: Sending PUBLISH to mqtt-explorer-3067b4a5 (d0, q0, r1, m0, '$SYS/broker/shared_subscriptions/count', ... (1 bytes))
1702911369: Sending PUBLISH to mqtt-explorer-3067b4a5 (d0, q0, r1, m0, '$SYS/broker/retained messages/count', ... (2 bytes))
1702911369: Sending PUBLISH to mqtt-explorer-3067b4a5 (d0, q0, r1, m0, '$SYS/broker/publish/messages/dropped', ... (1 bytes))
1702911369: Sending PUBLISH to mqtt-explorer-3067b4a5 (d0, q0, r1, m0, '$SYS/broker/publish/messages/received', ... (1 bytes))
1702911369: Sending PUBLISH to mqtt-explorer-3067b4a5 (d0, q0, r1, m0, '$SYS/broker/publish/messages/sent', ... (3 bytes))
1702911369: Sending PUBLISH to mqtt-explorer-3067b4a5 (d0, q0, r1, m0, '$SYS/broker/publish/bytes/received', ... (1 bytes))
1702911369: Sending PUBLISH to mqtt-explorer-3067b4a5 (d0, q0, r1, m0, '$SYS/broker/publish/bytes/sent', ... (4 bytes))
1702911369: Sending PUBLISH to mqtt-explorer-3067b4a5 (d0, q0, r1, m0, '$SYS/broker/bytes/received', ... (3 bytes))
1702911369: Sending PUBLISH to mqtt-explorer-3067b4a5 (d0, q0, r1, m0, '$SYS/broker/bytes/sent', ... (5 bytes))
1702911375: Sending PUBLISH to mqtt-explorer-3067b4a5 (d0, q0, r0, m0, '$SYS/broker/uptime', ... (11 bytes))
1702911375: Sending PUBLISH to mqtt-explorer-3067b4a5 (d0, q0, r0, m0, '$SYS/broker/clients/total', ... (1 bytes))
1702911375: Sending PUBLISH to mqtt-explorer-3067b4a5 (d0, q0, r0, m0, '$SYS/broker/clients/active', ... (1 bytes))
1702911375: Sending PUBLISH to mqtt-explorer-3067b4a5 (d0, q0, r0, m0, '$SYS/broker/clients/connected', ... (1 bytes))
1702911375: Sending PUBLISH to mqtt-explorer-3067b4a5 (d0, q0, r0, m0, '$SYS/broker/load/messages/received/1min', ... (4 bytes))
1702911375: Sending PUBLISH to mqtt-explorer-3067b4a5 (d0, q0, r0, m0, '$SYS/broker/load/messages/sent/1min', ... (5 bytes))
1702911375: Sending PUBLISH to mqtt-explorer-3067b4a5 (d0, q0, r0, m0, '$SYS/broker/load/publish/sent/1min', ... (5 bytes))
1702911375: Sending PUBLISH to mqtt-explorer-3067b4a5 (d0, q0, r0, m0, '$SYS/broker/load/bytes/received/1min', ... (5 bytes))
1702911375: Sending PUBLISH to mqtt-explorer-3067b4a5 (d0, q0, r0, m0, '$SYS/broker/load/bytes/sent/1min', ... (7 bytes))
1702911375: Sending PUBLISH to mqtt-explorer-3067b4a5 (d0, q0, r0, m0, '$SYS/broker/load/sockets/1min', ... (4 bytes))
1702911375: Sending PUBLISH to mqtt-explorer-3067b4a5 (d0, q0, r0, m0, '$SYS/broker/load/connections/1min', ... (4 bytes))
1702911375: Sending PUBLISH to mqtt-explorer-3067b4a5 (d0, q0, r0, m0, '$SYS/broker/load/messages/received/5min', ... (4 bytes))
1702911375: Sending PUBLISH to mqtt-explorer-3067b4a5 (d0, q0, r0, m0, '$SYS/broker/load/messages/sent/5min', ... (5 bytes))
1702911375: Sending PUBLISH to mqtt-explorer-3067b4a5 (d0, q0, r0, m0, '$SYS/broker/load/publish/sent/5min', ... (5 bytes))
1702911375: Sending PUBLISH to mqtt-explorer-3067b4a5 (d0, q0, r0, m0, '$SYS/broker/load/bytes/received/5min', ... (5 bytes))
1702911375: Sending PUBLISH to mqtt-explorer-3067b4a5 (d0, q0, r0, m0, '$SYS/broker/load/bytes/sent/5min', ... (7 bytes))
1702911375: Sending PUBLISH to mqtt-explorer-3067b4a5 (d0, q0, r0, m0, '$SYS/broker/load/sockets/5min', ... (4 bytes))
1702911375: Sending PUBLISH to mqtt-explorer-3067b4a5 (d0, q0, r0, m0, '$SYS/broker/load/connections/5min', ... (4 bytes))
1702911375: Sending PUBLISH to mqtt-explorer-3067b4a5 (d0, q0, r0, m0, '$SYS/broker/load/messages/received/15min', ... (4 bytes))
1702911375: Sending PUBLISH to mqtt-explorer-3067b4a5 (d0, q0, r0, m0, '$SYS/broker/load/messages/sent/15min', ... (5 bytes))
1702911375: Sending PUBLISH to mqtt-explorer-3067b4a5 (d0, q0, r0, m0, '$SYS/broker/load/publish/sent/15min', ... (5 bytes))
1702911375: Sending PUBLISH to mqtt-explorer-3067b4a5 (d0, q0, r0, m0, '$SYS/broker/load/bytes/received/15min', ... (5 bytes))
1702911375: Sending PUBLISH to mqtt-explorer-3067b4a5 (d0, q0, r0, m0, '$SYS/broker/load/bytes/sent/15min', ... (6 bytes))
1702911375: Sending PUBLISH to mqtt-explorer-3067b4a5 (d0, q0, r0, m0, '$SYS/broker/load/sockets/15min', ... (4 bytes))
1702911375: Sending PUBLISH to mqtt-explorer-3067b4a5 (d0, q0, r0, m0, '$SYS/broker/load/connections/15min', ... (4 bytes))
1702911375: Sending PUBLISH to mqtt-explorer-3067b4a5 (d0, q0, r0, m0, '$SYS/broker/store/messages/bytes', ... (3 bytes))
1702911375: Sending PUBLISH to mqtt-explorer-3067b4a5 (d0, q0, r0, m0, '$SYS/broker/subscriptions/count', ... (1 bytes))
1702911375: Sending PUBLISH to mqtt-explorer-3067b4a5 (d0, q0, r0, m0, '$SYS/broker/messages/received', ... (2 bytes))
1702911375: Sending PUBLISH to mqtt-explorer-3067b4a5 (d0, q0, r0, m0, '$SYS/broker/messages/sent', ... (3 bytes))
1702911375: Sending PUBLISH to mqtt-explorer-3067b4a5 (d0, q0, r0, m0, '$SYS/broker/publish/messages/sent', ... (3 bytes))
1702911375: Sending PUBLISH to mqtt-explorer-3067b4a5 (d0, q0, r0, m0, '$SYS/broker/bytes/received', ... (3 bytes))
1702911375: Sending PUBLISH to mqtt-explorer-3067b4a5 (d0, q0, r0, m0, '$SYS/broker/bytes/sent', ... (5 bytes))
1702911375: Sending PUBLISH to mqtt-explorer-3067b4a5 (d0, q0, r0, m0, '$SYS/broker/publish/bytes/sent', ... (4 bytes))
1702911386: Sending PUBLISH to mqtt-explorer-3067b4a5 (d0, q0, r0, m0, '$SYS/broker/uptime', ... (11 bytes))
1702911386: Sending PUBLISH to mqtt-explorer-3067b4a5 (d0, q0, r0, m0, '$SYS/broker/load/messages/received/1min', ... (4 bytes))
1702911386: Sending PUBLISH to mqtt-explorer-3067b4a5 (d0, q0, r0, m0, '$SYS/broker/load/messages/sent/1min', ... (5 bytes))
1702911386: Sending PUBLISH to mqtt-explorer-3067b4a5 (d0, q0, r0, m0, '$SYS/broker/load/publish/sent/1min', ... (5 bytes))
1702911386: Sending PUBLISH to mqtt-explorer-3067b4a5 (d0, q0, r0, m0, '$SYS/broker/load/bytes/received/1min', ... (5 bytes))
1702911386: Sending PUBLISH to mqtt-explorer-3067b4a5 (d0, q0, r0, m0, '$SYS/broker/load/bytes/sent/1min', ... (7 bytes))
1702911386: Sending PUBLISH to mqtt-explorer-3067b4a5 (d0, q0, r0, m0, '$SYS/broker/load/sockets/1min', ... (4 bytes))
1702911386: Sending PUBLISH to mqtt-explorer-3067b4a5 (d0, q0, r0, m0, '$SYS/broker/load/connections/1min', ... (4 bytes))
1702911386: Sending PUBLISH to mqtt-explorer-3067b4a5 (d0, q0, r0, m0, '$SYS/broker/load/messages/received/5min', ... (4 bytes))
1702911386: Sending PUBLISH to mqtt-explorer-3067b4a5 (d0, q0, r0, m0, '$SYS/broker/load/messages/sent/5min', ... (5 bytes))
1702911386: Sending PUBLISH to mqtt-explorer-3067b4a5 (d0, q0, r0, m0, '$SYS/broker/load/publish/sent/5min', ... (5 bytes))
1702911386: Sending PUBLISH to mqtt-explorer-3067b4a5 (d0, q0, r0, m0, '$SYS/broker/load/bytes/received/5min', ... (5 bytes))
1702911386: Sending PUBLISH to mqtt-explorer-3067b4a5 (d0, q0, r0, m0, '$SYS/broker/load/bytes/sent/5min', ... (7 bytes))
1702911386: Sending PUBLISH to mqtt-explorer-3067b4a5 (d0, q0, r0, m0, '$SYS/broker/load/sockets/5min', ... (4 bytes))
1702911386: Sending PUBLISH to mqtt-explorer-3067b4a5 (d0, q0, r0, m0, '$SYS/broker/load/connections/5min', ... (4 bytes))
1702911386: Sending PUBLISH to mqtt-explorer-3067b4a5 (d0, q0, r0, m0, '$SYS/broker/load/messages/sent/15min', ... (5 bytes))
1702911386: Sending PUBLISH to mqtt-explorer-3067b4a5 (d0, q0, r0, m0, '$SYS/broker/load/publish/sent/15min', ... (5 bytes))
1702911386: Sending PUBLISH to mqtt-explorer-3067b4a5 (d0, q0, r0, m0, '$SYS/broker/load/bytes/received/15min', ... (5 bytes))
1702911386: Sending PUBLISH to mqtt-explorer-3067b4a5 (d0, q0, r0, m0, '$SYS/broker/load/bytes/sent/15min', ... (6 bytes))
1702911386: Sending PUBLISH to mqtt-explorer-3067b4a5 (d0, q0, r0, m0, '$SYS/broker/store/messages/bytes', ... (3 bytes))
1702911386: Sending PUBLISH to mqtt-explorer-3067b4a5 (d0, q0, r0, m0, '$SYS/broker/messages/sent', ... (3 bytes))
1702911386: Sending PUBLISH to mqtt-explorer-3067b4a5 (d0, q0, r0, m0, '$SYS/broker/publish/messages/sent', ... (3 bytes))
1702911386: Sending PUBLISH to mqtt-explorer-3067b4a5 (d0, q0, r0, m0, '$SYS/broker/bytes/sent', ... (5 bytes))
1702911386: Sending PUBLISH to mqtt-explorer-3067b4a5 (d0, q0, r0, m0, '$SYS/broker/publish/bytes/sent', ... (4 bytes))
1702911390: Denied PUBLISH from mqtt-explorer-3067b4a5 (d0, q0, r1, m0, '$SYS/broker/version', ... (0 bytes))
1702911390: Denied PUBLISH from mqtt-explorer-3067b4a5 (d0, q0, r1, m0, '$SYS/broker/uptime', ... (0 bytes))
1702911390: Denied PUBLISH from mqtt-explorer-3067b4a5 (d0, q0, r1, m0, '$SYS/broker/clients/total', ... (0 bytes))
1702911390: Denied PUBLISH from mqtt-explorer-3067b4a5 (d0, q0, r1, m0, '$SYS/broker/clients/inactive', ... (0 bytes))
1702911390: Denied PUBLISH from mqtt-explorer-3067b4a5 (d0, q0, r1, m0, '$SYS/broker/clients/disconnected', ... (0 bytes))
1702911390: Denied PUBLISH from mqtt-explorer-3067b4a5 (d0, q0, r1, m0, '$SYS/broker/clients/active', ... (0 bytes))
1702911390: Denied PUBLISH from mqtt-explorer-3067b4a5 (d0, q0, r1, m0, '$SYS/broker/clients/connected', ... (0 bytes))
1702911390: Denied PUBLISH from mqtt-explorer-3067b4a5 (d0, q0, r1, m0, '$SYS/broker/clients/expired', ... (0 bytes))
1702911390: Denied PUBLISH from mqtt-explorer-3067b4a5 (d0, q0, r1, m0, '$SYS/broker/clients/maximum', ... (0 bytes))
1702911390: Denied PUBLISH from mqtt-explorer-3067b4a5 (d0, q0, r1, m0, '$SYS/broker/load/messages/received/1min', ... (0 bytes))
1702911390: Denied PUBLISH from mqtt-explorer-3067b4a5 (d0, q0, r1, m0, '$SYS/broker/load/messages/received/5min', ... (0 bytes))
1702911390: Denied PUBLISH from mqtt-explorer-3067b4a5 (d0, q0, r1, m0, '$SYS/broker/load/messages/received/15min', ... (0 bytes))
1702911390: Denied PUBLISH from mqtt-explorer-3067b4a5 (d0, q0, r1, m0, '$SYS/broker/load/messages/sent/1min', ... (0 bytes))
1702911390: Denied PUBLISH from mqtt-explorer-3067b4a5 (d0, q0, r1, m0, '$SYS/broker/load/messages/sent/5min', ... (0 bytes))
1702911390: Denied PUBLISH from mqtt-explorer-3067b4a5 (d0, q0, r1, m0, '$SYS/broker/load/messages/sent/15min', ... (0 bytes))
1702911390: Denied PUBLISH from mqtt-explorer-3067b4a5 (d0, q0, r1, m0, '$SYS/broker/load/publish/dropped/1min', ... (0 bytes))
1702911390: Denied PUBLISH from mqtt-explorer-3067b4a5 (d0, q0, r1, m0, '$SYS/broker/load/publish/dropped/5min', ... (0 bytes))
1702911390: Denied PUBLISH from mqtt-explorer-3067b4a5 (d0, q0, r1, m0, '$SYS/broker/load/publish/dropped/15min', ... (0 bytes))
1702911390: Denied PUBLISH from mqtt-explorer-3067b4a5 (d0, q0, r1, m0, '$SYS/broker/load/publish/received/1min', ... (0 bytes))
1702911390: Denied PUBLISH from mqtt-explorer-3067b4a5 (d0, q0, r1, m0, '$SYS/broker/load/publish/received/5min', ... (0 bytes))
1702911390: Denied PUBLISH from mqtt-explorer-3067b4a5 (d0, q0, r1, m0, '$SYS/broker/load/publish/received/15min', ... (0 bytes))
1702911390: Denied PUBLISH from mqtt-explorer-3067b4a5 (d0, q0, r1, m0, '$SYS/broker/load/publish/sent/1min', ... (0 bytes))
1702911391: Denied PUBLISH from mqtt-explorer-3067b4a5 (d0, q0, r1, m0, '$SYS/broker/load/publish/sent/5min', ... (0 bytes))
1702911391: Denied PUBLISH from mqtt-explorer-3067b4a5 (d0, q0, r1, m0, '$SYS/broker/load/publish/sent/15min', ... (0 bytes))
1702911391: Denied PUBLISH from mqtt-explorer-3067b4a5 (d0, q0, r1, m0, '$SYS/broker/load/bytes/received/1min', ... (0 bytes))
1702911391: Denied PUBLISH from mqtt-explorer-3067b4a5 (d0, q0, r1, m0, '$SYS/broker/load/bytes/received/5min', ... (0 bytes))
1702911391: Denied PUBLISH from mqtt-explorer-3067b4a5 (d0, q0, r1, m0, '$SYS/broker/load/bytes/received/15min', ... (0 bytes))
1702911391: Denied PUBLISH from mqtt-explorer-3067b4a5 (d0, q0, r1, m0, '$SYS/broker/load/bytes/sent/1min', ... (0 bytes))
1702911391: Denied PUBLISH from mqtt-explorer-3067b4a5 (d0, q0, r1, m0, '$SYS/broker/load/bytes/sent/5min', ... (0 bytes))
1702911391: Denied PUBLISH from mqtt-explorer-3067b4a5 (d0, q0, r1, m0, '$SYS/broker/load/bytes/sent/15min', ... (0 bytes))
1702911391: Denied PUBLISH from mqtt-explorer-3067b4a5 (d0, q0, r1, m0, '$SYS/broker/load/sockets/1min', ... (0 bytes))
1702911391: Denied PUBLISH from mqtt-explorer-3067b4a5 (d0, q0, r1, m0, '$SYS/broker/load/sockets/5min', ... (0 bytes))
1702911391: Denied PUBLISH from mqtt-explorer-3067b4a5 (d0, q0, r1, m0, '$SYS/broker/load/sockets/15min', ... (0 bytes))
1702911391: Denied PUBLISH from mqtt-explorer-3067b4a5 (d0, q0, r1, m0, '$SYS/broker/load/connections/1min', ... (0 bytes))
1702911391: Denied PUBLISH from mqtt-explorer-3067b4a5 (d0, q0, r1, m0, '$SYS/broker/load/connections/5min', ... (0 bytes))
1702911391: Denied PUBLISH from mqtt-explorer-3067b4a5 (d0, q0, r1, m0, '$SYS/broker/load/connections/15min', ... (0 bytes))
1702911391: Denied PUBLISH from mqtt-explorer-3067b4a5 (d0, q0, r1, m0, '$SYS/broker/messages/stored', ... (0 bytes))
1702911391: Denied PUBLISH from mqtt-explorer-3067b4a5 (d0, q0, r1, m0, '$SYS/broker/messages/received', ... (0 bytes))
1702911391: Denied PUBLISH from mqtt-explorer-3067b4a5 (d0, q0, r1, m0, '$SYS/broker/messages/sent', ... (0 bytes))
1702911391: Denied PUBLISH from mqtt-explorer-3067b4a5 (d0, q0, r1, m0, '$SYS/broker/store/messages/count', ... (0 bytes))
1702911391: Denied PUBLISH from mqtt-explorer-3067b4a5 (d0, q0, r1, m0, '$SYS/broker/store/messages/bytes', ... (0 bytes))
1702911391: Denied PUBLISH from mqtt-explorer-3067b4a5 (d0, q0, r1, m0, '$SYS/broker/subscriptions/count', ... (0 bytes))
1702911391: Denied PUBLISH from mqtt-explorer-3067b4a5 (d0, q0, r1, m0, '$SYS/broker/shared_subscriptions/count', ... (0 bytes))
1702911391: Denied PUBLISH from mqtt-explorer-3067b4a5 (d0, q0, r1, m0, '$SYS/broker/retained messages/count', ... (0 bytes))
1702911391: Denied PUBLISH from mqtt-explorer-3067b4a5 (d0, q0, r1, m0, '$SYS/broker/publish/messages/dropped', ... (0 bytes))
1702911391: Denied PUBLISH from mqtt-explorer-3067b4a5 (d0, q0, r1, m0, '$SYS/broker/publish/messages/received', ... (0 bytes))
1702911391: Denied PUBLISH from mqtt-explorer-3067b4a5 (d0, q0, r1, m0, '$SYS/broker/publish/messages/sent', ... (0 bytes))
1702911391: Denied PUBLISH from mqtt-explorer-3067b4a5 (d0, q0, r1, m0, '$SYS/broker/publish/bytes/received', ... (0 bytes))
1702911391: Denied PUBLISH from mqtt-explorer-3067b4a5 (d0, q0, r1, m0, '$SYS/broker/publish/bytes/sent', ... (0 bytes))
1702911391: Denied PUBLISH from mqtt-explorer-3067b4a5 (d0, q0, r1, m0, '$SYS/broker/bytes/received', ... (0 bytes))
1702911391: Denied PUBLISH from mqtt-explorer-3067b4a5 (d0, q0, r1, m0, '$SYS/broker/bytes/sent', ... (0 bytes))
1702911397: Sending PUBLISH to mqtt-explorer-3067b4a5 (d0, q0, r0, m0, '$SYS/broker/uptime', ... (11 bytes))
1702911397: Sending PUBLISH to mqtt-explorer-3067b4a5 (d0, q0, r0, m0, '$SYS/broker/load/messages/received/1min', ... (5 bytes))
1702911397: Sending PUBLISH to mqtt-explorer-3067b4a5 (d0, q0, r0, m0, '$SYS/broker/load/messages/sent/1min', ... (5 bytes))
1702911397: Sending PUBLISH to mqtt-explorer-3067b4a5 (d0, q0, r0, m0, '$SYS/broker/load/publish/received/1min', ... (5 bytes))
1702911397: Sending PUBLISH to mqtt-explorer-3067b4a5 (d0, q0, r0, m0, '$SYS/broker/load/publish/sent/1min', ... (5 bytes))
1702911397: Sending PUBLISH to mqtt-explorer-3067b4a5 (d0, q0, r0, m0, '$SYS/broker/load/bytes/received/1min', ... (7 bytes))
1702911397: Sending PUBLISH to mqtt-explorer-3067b4a5 (d0, q0, r0, m0, '$SYS/broker/load/bytes/sent/1min', ... (7 bytes))
1702911397: Sending PUBLISH to mqtt-explorer-3067b4a5 (d0, q0, r0, m0, '$SYS/broker/load/sockets/1min', ... (4 bytes))
1702911397: Sending PUBLISH to mqtt-explorer-3067b4a5 (d0, q0, r0, m0, '$SYS/broker/load/connections/1min', ... (4 bytes))
1702911397: Sending PUBLISH to mqtt-explorer-3067b4a5 (d0, q0, r0, m0, '$SYS/broker/load/messages/received/5min', ... (5 bytes))
1702911397: Sending PUBLISH to mqtt-explorer-3067b4a5 (d0, q0, r0, m0, '$SYS/broker/load/messages/sent/5min', ... (5 bytes))
1702911397: Sending PUBLISH to mqtt-explorer-3067b4a5 (d0, q0, r0, m0, '$SYS/broker/load/publish/received/5min', ... (5 bytes))
1702911397: Sending PUBLISH to mqtt-explorer-3067b4a5 (d0, q0, r0, m0, '$SYS/broker/load/publish/sent/5min', ... (5 bytes))
1702911397: Sending PUBLISH to mqtt-explorer-3067b4a5 (d0, q0, r0, m0, '$SYS/broker/load/bytes/received/5min', ... (6 bytes))
1702911397: Sending PUBLISH to mqtt-explorer-3067b4a5 (d0, q0, r0, m0, '$SYS/broker/load/bytes/sent/5min', ... (7 bytes))
1702911397: Sending PUBLISH to mqtt-explorer-3067b4a5 (d0, q0, r0, m0, '$SYS/broker/load/sockets/5min', ... (4 bytes))
1702911397: Sending PUBLISH to mqtt-explorer-3067b4a5 (d0, q0, r0, m0, '$SYS/broker/load/connections/5min', ... (4 bytes))
1702911397: Sending PUBLISH to mqtt-explorer-3067b4a5 (d0, q0, r0, m0, '$SYS/broker/load/messages/received/15min', ... (4 bytes))
1702911397: Sending PUBLISH to mqtt-explorer-3067b4a5 (d0, q0, r0, m0, '$SYS/broker/load/messages/sent/15min', ... (5 bytes))
1702911397: Sending PUBLISH to mqtt-explorer-3067b4a5 (d0, q0, r0, m0, '$SYS/broker/load/publish/received/15min', ... (4 bytes))
1702911397: Sending PUBLISH to mqtt-explorer-3067b4a5 (d0, q0, r0, m0, '$SYS/broker/load/publish/sent/15min', ... (5 bytes))
1702911397: Sending PUBLISH to mqtt-explorer-3067b4a5 (d0, q0, r0, m0, '$SYS/broker/load/bytes/received/15min', ... (6 bytes))
1702911397: Sending PUBLISH to mqtt-explorer-3067b4a5 (d0, q0, r0, m0, '$SYS/broker/load/bytes/sent/15min', ... (6 bytes))
1702911397: Sending PUBLISH to mqtt-explorer-3067b4a5 (d0, q0, r0, m0, '$SYS/broker/store/messages/bytes', ... (3 bytes))
1702911397: Sending PUBLISH to mqtt-explorer-3067b4a5 (d0, q0, r0, m0, '$SYS/broker/messages/received', ... (2 bytes))
1702911397: Sending PUBLISH to mqtt-explorer-3067b4a5 (d0, q0, r0, m0, '$SYS/broker/messages/sent', ... (3 bytes))
1702911397: Sending PUBLISH to mqtt-explorer-3067b4a5 (d0, q0, r0, m0, '$SYS/broker/publish/messages/received', ... (2 bytes))
1702911397: Sending PUBLISH to mqtt-explorer-3067b4a5 (d0, q0, r0, m0, '$SYS/broker/publish/messages/sent', ... (3 bytes))
1702911397: Sending PUBLISH to mqtt-explorer-3067b4a5 (d0, q0, r0, m0, '$SYS/broker/bytes/received', ... (4 bytes))
1702911397: Sending PUBLISH to mqtt-explorer-3067b4a5 (d0, q0, r0, m0, '$SYS/broker/bytes/sent', ... (5 bytes))
1702911397: Sending PUBLISH to mqtt-explorer-3067b4a5 (d0, q0, r0, m0, '$SYS/broker/publish/bytes/sent', ... (4 bytes))
1702911399: Denied PUBLISH from mqtt-explorer-3067b4a5 (d0, q0, r1, m0, '$SYS/broker/version', ... (0 bytes))
1702911399: Denied PUBLISH from mqtt-explorer-3067b4a5 (d0, q0, r1, m0, '$SYS/broker/uptime', ... (0 bytes))
1702911399: Denied PUBLISH from mqtt-explorer-3067b4a5 (d0, q0, r1, m0, '$SYS/broker/clients/total', ... (0 bytes))
1702911399: Denied PUBLISH from mqtt-explorer-3067b4a5 (d0, q0, r1, m0, '$SYS/broker/clients/inactive', ... (0 bytes))
1702911399: Denied PUBLISH from mqtt-explorer-3067b4a5 (d0, q0, r1, m0, '$SYS/broker/clients/disconnected', ... (0 bytes))
1702911399: Denied PUBLISH from mqtt-explorer-3067b4a5 (d0, q0, r1, m0, '$SYS/broker/clients/active', ... (0 bytes))
1702911399: Denied PUBLISH from mqtt-explorer-3067b4a5 (d0, q0, r1, m0, '$SYS/broker/clients/connected', ... (0 bytes))
1702911399: Denied PUBLISH from mqtt-explorer-3067b4a5 (d0, q0, r1, m0, '$SYS/broker/clients/expired', ... (0 bytes))
1702911399: Denied PUBLISH from mqtt-explorer-3067b4a5 (d0, q0, r1, m0, '$SYS/broker/clients/maximum', ... (0 bytes))
1702911399: Denied PUBLISH from mqtt-explorer-3067b4a5 (d0, q0, r1, m0, '$SYS/broker/load/messages/received/1min', ... (0 bytes))
1702911399: Denied PUBLISH from mqtt-explorer-3067b4a5 (d0, q0, r1, m0, '$SYS/broker/load/messages/received/5min', ... (0 bytes))
1702911399: Denied PUBLISH from mqtt-explorer-3067b4a5 (d0, q0, r1, m0, '$SYS/broker/load/messages/received/15min', ... (0 bytes))
1702911399: Denied PUBLISH from mqtt-explorer-3067b4a5 (d0, q0, r1, m0, '$SYS/broker/load/messages/sent/1min', ... (0 bytes))
1702911399: Denied PUBLISH from mqtt-explorer-3067b4a5 (d0, q0, r1, m0, '$SYS/broker/load/messages/sent/5min', ... (0 bytes))
1702911399: Denied PUBLISH from mqtt-explorer-3067b4a5 (d0, q0, r1, m0, '$SYS/broker/load/messages/sent/15min', ... (0 bytes))
1702911399: Denied PUBLISH from mqtt-explorer-3067b4a5 (d0, q0, r1, m0, '$SYS/broker/load/publish/dropped/1min', ... (0 bytes))
1702911399: Denied PUBLISH from mqtt-explorer-3067b4a5 (d0, q0, r1, m0, '$SYS/broker/load/publish/dropped/5min', ... (0 bytes))
1702911399: Denied PUBLISH from mqtt-explorer-3067b4a5 (d0, q0, r1, m0, '$SYS/broker/load/publish/dropped/15min', ... (0 bytes))
1702911399: Denied PUBLISH from mqtt-explorer-3067b4a5 (d0, q0, r1, m0, '$SYS/broker/load/publish/received/1min', ... (0 bytes))
1702911399: Denied PUBLISH from mqtt-explorer-3067b4a5 (d0, q0, r1, m0, '$SYS/broker/load/publish/received/5min', ... (0 bytes))
1702911399: Denied PUBLISH from mqtt-explorer-3067b4a5 (d0, q0, r1, m0, '$SYS/broker/load/publish/received/15min', ... (0 bytes))
1702911399: Denied PUBLISH from mqtt-explorer-3067b4a5 (d0, q0, r1, m0, '$SYS/broker/load/publish/sent/1min', ... (0 bytes))
1702911399: Denied PUBLISH from mqtt-explorer-3067b4a5 (d0, q0, r1, m0, '$SYS/broker/load/publish/sent/5min', ... (0 bytes))
1702911399: Denied PUBLISH from mqtt-explorer-3067b4a5 (d0, q0, r1, m0, '$SYS/broker/load/publish/sent/15min', ... (0 bytes))
1702911399: Denied PUBLISH from mqtt-explorer-3067b4a5 (d0, q0, r1, m0, '$SYS/broker/load/bytes/received/1min', ... (0 bytes))
1702911399: Denied PUBLISH from mqtt-explorer-3067b4a5 (d0, q0, r1, m0, '$SYS/broker/load/bytes/received/5min', ... (0 bytes))
1702911399: Denied PUBLISH from mqtt-explorer-3067b4a5 (d0, q0, r1, m0, '$SYS/broker/load/bytes/received/15min', ... (0 bytes))
1702911399: Denied PUBLISH from mqtt-explorer-3067b4a5 (d0, q0, r1, m0, '$SYS/broker/load/bytes/sent/1min', ... (0 bytes))
1702911399: Denied PUBLISH from mqtt-explorer-3067b4a5 (d0, q0, r1, m0, '$SYS/broker/load/bytes/sent/5min', ... (0 bytes))
1702911399: Denied PUBLISH from mqtt-explorer-3067b4a5 (d0, q0, r1, m0, '$SYS/broker/load/bytes/sent/15min', ... (0 bytes))
1702911399: Denied PUBLISH from mqtt-explorer-3067b4a5 (d0, q0, r1, m0, '$SYS/broker/load/sockets/1min', ... (0 bytes))
1702911399: Denied PUBLISH from mqtt-explorer-3067b4a5 (d0, q0, r1, m0, '$SYS/broker/load/sockets/5min', ... (0 bytes))
1702911399: Denied PUBLISH from mqtt-explorer-3067b4a5 (d0, q0, r1, m0, '$SYS/broker/load/sockets/15min', ... (0 bytes))
1702911399: Denied PUBLISH from mqtt-explorer-3067b4a5 (d0, q0, r1, m0, '$SYS/broker/load/connections/1min', ... (0 bytes))
1702911399: Denied PUBLISH from mqtt-explorer-3067b4a5 (d0, q0, r1, m0, '$SYS/broker/load/connections/5min', ... (0 bytes))
1702911399: Denied PUBLISH from mqtt-explorer-3067b4a5 (d0, q0, r1, m0, '$SYS/broker/load/connections/15min', ... (0 bytes))
1702911399: Denied PUBLISH from mqtt-explorer-3067b4a5 (d0, q0, r1, m0, '$SYS/broker/messages/stored', ... (0 bytes))
1702911399: Denied PUBLISH from mqtt-explorer-3067b4a5 (d0, q0, r1, m0, '$SYS/broker/messages/received', ... (0 bytes))
1702911399: Denied PUBLISH from mqtt-explorer-3067b4a5 (d0, q0, r1, m0, '$SYS/broker/messages/sent', ... (0 bytes))
1702911399: Denied PUBLISH from mqtt-explorer-3067b4a5 (d0, q0, r1, m0, '$SYS/broker/store/messages/count', ... (0 bytes))
1702911399: Denied PUBLISH from mqtt-explorer-3067b4a5 (d0, q0, r1, m0, '$SYS/broker/store/messages/bytes', ... (0 bytes))
1702911399: Denied PUBLISH from mqtt-explorer-3067b4a5 (d0, q0, r1, m0, '$SYS/broker/subscriptions/count', ... (0 bytes))
1702911399: Denied PUBLISH from mqtt-explorer-3067b4a5 (d0, q0, r1, m0, '$SYS/broker/shared_subscriptions/count', ... (0 bytes))
1702911399: Denied PUBLISH from mqtt-explorer-3067b4a5 (d0, q0, r1, m0, '$SYS/broker/retained messages/count', ... (0 bytes))
1702911399: Denied PUBLISH from mqtt-explorer-3067b4a5 (d0, q0, r1, m0, '$SYS/broker/publish/messages/dropped', ... (0 bytes))
1702911399: Denied PUBLISH from mqtt-explorer-3067b4a5 (d0, q0, r1, m0, '$SYS/broker/publish/messages/received', ... (0 bytes))
1702911399: Denied PUBLISH from mqtt-explorer-3067b4a5 (d0, q0, r1, m0, '$SYS/broker/publish/messages/sent', ... (0 bytes))
1702911400: Denied PUBLISH from mqtt-explorer-3067b4a5 (d0, q0, r1, m0, '$SYS/broker/publish/bytes/received', ... (0 bytes))
1702911400: Denied PUBLISH from mqtt-explorer-3067b4a5 (d0, q0, r1, m0, '$SYS/broker/publish/bytes/sent', ... (0 bytes))
1702911400: Denied PUBLISH from mqtt-explorer-3067b4a5 (d0, q0, r1, m0, '$SYS/broker/bytes/received', ... (0 bytes))
1702911400: Denied PUBLISH from mqtt-explorer-3067b4a5 (d0, q0, r1, m0, '$SYS/broker/bytes/sent', ... (0 bytes))
1702911408: Sending PUBLISH to mqtt-explorer-3067b4a5 (d0, q0, r0, m0, '$SYS/broker/uptime', ... (11 bytes))
1702911408: Sending PUBLISH to mqtt-explorer-3067b4a5 (d0, q0, r0, m0, '$SYS/broker/load/messages/received/1min', ... (5 bytes))
1702911408: Sending PUBLISH to mqtt-explorer-3067b4a5 (d0, q0, r0, m0, '$SYS/broker/load/messages/sent/1min', ... (5 bytes))
1702911408: Sending PUBLISH to mqtt-explorer-3067b4a5 (d0, q0, r0, m0, '$SYS/broker/load/publish/received/1min', ... (5 bytes))
1702911408: Sending PUBLISH to mqtt-explorer-3067b4a5 (d0, q0, r0, m0, '$SYS/broker/load/publish/sent/1min', ... (5 bytes))
1702911408: Sending PUBLISH to mqtt-explorer-3067b4a5 (d0, q0, r0, m0, '$SYS/broker/load/bytes/received/1min', ... (7 bytes))
1702911408: Sending PUBLISH to mqtt-explorer-3067b4a5 (d0, q0, r0, m0, '$SYS/broker/load/bytes/sent/1min', ... (7 bytes))
1702911408: Sending PUBLISH to mqtt-explorer-3067b4a5 (d0, q0, r0, m0, '$SYS/broker/load/sockets/1min', ... (4 bytes))
1702911408: Sending PUBLISH to mqtt-explorer-3067b4a5 (d0, q0, r0, m0, '$SYS/broker/load/connections/1min', ... (4 bytes))
1702911408: Sending PUBLISH to mqtt-explorer-3067b4a5 (d0, q0, r0, m0, '$SYS/broker/load/messages/received/5min', ... (5 bytes))
1702911408: Sending PUBLISH to mqtt-explorer-3067b4a5 (d0, q0, r0, m0, '$SYS/broker/load/messages/sent/5min', ... (5 bytes))
1702911408: Sending PUBLISH to mqtt-explorer-3067b4a5 (d0, q0, r0, m0, '$SYS/broker/load/publish/received/5min', ... (5 bytes))
1702911408: Sending PUBLISH to mqtt-explorer-3067b4a5 (d0, q0, r0, m0, '$SYS/broker/load/publish/sent/5min', ... (5 bytes))
1702911408: Sending PUBLISH to mqtt-explorer-3067b4a5 (d0, q0, r0, m0, '$SYS/broker/load/bytes/received/5min', ... (6 bytes))
1702911408: Sending PUBLISH to mqtt-explorer-3067b4a5 (d0, q0, r0, m0, '$SYS/broker/load/bytes/sent/5min', ... (7 bytes))
1702911408: Sending PUBLISH to mqtt-explorer-3067b4a5 (d0, q0, r0, m0, '$SYS/broker/load/sockets/5min', ... (4 bytes))
1702911408: Sending PUBLISH to mqtt-explorer-3067b4a5 (d0, q0, r0, m0, '$SYS/broker/load/connections/5min', ... (4 bytes))
1702911408: Sending PUBLISH to mqtt-explorer-3067b4a5 (d0, q0, r0, m0, '$SYS/broker/load/messages/received/15min', ... (4 bytes))
1702911408: Sending PUBLISH to mqtt-explorer-3067b4a5 (d0, q0, r0, m0, '$SYS/broker/load/messages/sent/15min', ... (5 bytes))
1702911408: Sending PUBLISH to mqtt-explorer-3067b4a5 (d0, q0, r0, m0, '$SYS/broker/load/publish/received/15min', ... (4 bytes))
1702911408: Sending PUBLISH to mqtt-explorer-3067b4a5 (d0, q0, r0, m0, '$SYS/broker/load/publish/sent/15min', ... (5 bytes))
1702911408: Sending PUBLISH to mqtt-explorer-3067b4a5 (d0, q0, r0, m0, '$SYS/broker/load/bytes/received/15min', ... (6 bytes))
1702911408: Sending PUBLISH to mqtt-explorer-3067b4a5 (d0, q0, r0, m0, '$SYS/broker/load/bytes/sent/15min', ... (6 bytes))
1702911408: Sending PUBLISH to mqtt-explorer-3067b4a5 (d0, q0, r0, m0, '$SYS/broker/store/messages/bytes', ... (3 bytes))
1702911408: Sending PUBLISH to mqtt-explorer-3067b4a5 (d0, q0, r0, m0, '$SYS/broker/messages/received', ... (3 bytes))
1702911408: Sending PUBLISH to mqtt-explorer-3067b4a5 (d0, q0, r0, m0, '$SYS/broker/messages/sent', ... (3 bytes))
1702911408: Sending PUBLISH to mqtt-explorer-3067b4a5 (d0, q0, r0, m0, '$SYS/broker/publish/messages/received', ... (3 bytes))
1702911408: Sending PUBLISH to mqtt-explorer-3067b4a5 (d0, q0, r0, m0, '$SYS/broker/publish/messages/sent', ... (3 bytes))
1702911408: Sending PUBLISH to mqtt-explorer-3067b4a5 (d0, q0, r0, m0, '$SYS/broker/bytes/received', ... (4 bytes))
1702911408: Sending PUBLISH to mqtt-explorer-3067b4a5 (d0, q0, r0, m0, '$SYS/broker/bytes/sent', ... (5 bytes))
1702911408: Sending PUBLISH to mqtt-explorer-3067b4a5 (d0, q0, r0, m0, '$SYS/broker/publish/bytes/sent', ... (4 bytes))
1702911419: Sending PUBLISH to mqtt-explorer-3067b4a5 (d0, q0, r0, m0, '$SYS/broker/uptime', ... (11 bytes))
1702911419: Sending PUBLISH to mqtt-explorer-3067b4a5 (d0, q0, r0, m0, '$SYS/broker/load/messages/received/1min', ... (5 bytes))
1702911419: Sending PUBLISH to mqtt-explorer-3067b4a5 (d0, q0, r0, m0, '$SYS/broker/load/messages/sent/1min', ... (5 bytes))
1702911419: Sending PUBLISH to mqtt-explorer-3067b4a5 (d0, q0, r0, m0, '$SYS/broker/load/publish/received/1min', ... (5 bytes))
1702911419: Sending PUBLISH to mqtt-explorer-3067b4a5 (d0, q0, r0, m0, '$SYS/broker/load/publish/sent/1min', ... (5 bytes))
1702911419: Sending PUBLISH to mqtt-explorer-3067b4a5 (d0, q0, r0, m0, '$SYS/broker/load/bytes/received/1min', ... (7 bytes))
1702911419: Sending PUBLISH to mqtt-explorer-3067b4a5 (d0, q0, r0, m0, '$SYS/broker/load/bytes/sent/1min', ... (7 bytes))
1702911419: Sending PUBLISH to mqtt-explorer-3067b4a5 (d0, q0, r0, m0, '$SYS/broker/load/sockets/1min', ... (4 bytes))
1702911419: Sending PUBLISH to mqtt-explorer-3067b4a5 (d0, q0, r0, m0, '$SYS/broker/load/connections/1min', ... (4 bytes))
1702911419: Sending PUBLISH to mqtt-explorer-3067b4a5 (d0, q0, r0, m0, '$SYS/broker/load/messages/received/5min', ... (5 bytes))
1702911419: Sending PUBLISH to mqtt-explorer-3067b4a5 (d0, q0, r0, m0, '$SYS/broker/load/messages/sent/5min', ... (5 bytes))
1702911419: Sending PUBLISH to mqtt-explorer-3067b4a5 (d0, q0, r0, m0, '$SYS/broker/load/publish/received/5min', ... (5 bytes))
1702911419: Sending PUBLISH to mqtt-explorer-3067b4a5 (d0, q0, r0, m0, '$SYS/broker/load/publish/sent/5min', ... (5 bytes))
1702911419: Sending PUBLISH to mqtt-explorer-3067b4a5 (d0, q0, r0, m0, '$SYS/broker/load/bytes/received/5min', ... (6 bytes))
1702911419: Sending PUBLISH to mqtt-explorer-3067b4a5 (d0, q0, r0, m0, '$SYS/broker/load/bytes/sent/5min', ... (7 bytes))
1702911419: Sending PUBLISH to mqtt-explorer-3067b4a5 (d0, q0, r0, m0, '$SYS/broker/load/sockets/5min', ... (4 bytes))
1702911419: Sending PUBLISH to mqtt-explorer-3067b4a5 (d0, q0, r0, m0, '$SYS/broker/load/connections/5min', ... (4 bytes))
1702911419: Sending PUBLISH to mqtt-explorer-3067b4a5 (d0, q0, r0, m0, '$SYS/broker/load/messages/received/15min', ... (4 bytes))
1702911419: Sending PUBLISH to mqtt-explorer-3067b4a5 (d0, q0, r0, m0, '$SYS/broker/load/messages/sent/15min', ... (5 bytes))
1702911419: Sending PUBLISH to mqtt-explorer-3067b4a5 (d0, q0, r0, m0, '$SYS/broker/load/publish/received/15min', ... (4 bytes))
1702911419: Sending PUBLISH to mqtt-explorer-3067b4a5 (d0, q0, r0, m0, '$SYS/broker/load/publish/sent/15min', ... (5 bytes))
1702911419: Sending PUBLISH to mqtt-explorer-3067b4a5 (d0, q0, r0, m0, '$SYS/broker/load/bytes/received/15min', ... (6 bytes))
1702911419: Sending PUBLISH to mqtt-explorer-3067b4a5 (d0, q0, r0, m0, '$SYS/broker/load/bytes/sent/15min', ... (6 bytes))
1702911419: Sending PUBLISH to mqtt-explorer-3067b4a5 (d0, q0, r0, m0, '$SYS/broker/store/messages/bytes', ... (3 bytes))
1702911419: Sending PUBLISH to mqtt-explorer-3067b4a5 (d0, q0, r0, m0, '$SYS/broker/messages/sent', ... (3 bytes))
1702911419: Sending PUBLISH to mqtt-explorer-3067b4a5 (d0, q0, r0, m0, '$SYS/broker/publish/messages/sent', ... (3 bytes))
1702911419: Sending PUBLISH to mqtt-explorer-3067b4a5 (d0, q0, r0, m0, '$SYS/broker/bytes/sent', ... (5 bytes))
1702911419: Sending PUBLISH to mqtt-explorer-3067b4a5 (d0, q0, r0, m0, '$SYS/broker/publish/bytes/sent', ... (4 bytes))
1702911427: Received DISCONNECT from mqtt-explorer-3067b4a5
1702911427: Client mqtt-explorer-3067b4a5 disconnected.
1702911437: mosquitto version 2.0.18 terminating
